Thu Nov 20 15:28:46 UserDiv from Layout.INI for AutoECO: 60
Thu Nov 20 15:28:46 Loaded file C:\ORCAD\ORCAD_16.0\TOOLS\LAYOUT_PLUS\DATA\_DEFAULT.TCH
Thu Nov 20 15:28:46 Loaded file E:\LIBRARIES\LIBRARY\LAYOUT_LIB\DDPACK.LLB
Thu Nov 20 15:28:46 Loaded file E:\LIBRARIES\LIBRARY\LAYOUT_LIB\DOUBLE.LLB
Thu Nov 20 15:28:46 Loaded file E:\LIBRARIES\LIBRARY\LAYOUT_LIB\EAGLESH.LLB
Thu Nov 20 15:28:46 Loaded file E:\LIBRARIES\LIBRARY\LAYOUT_LIB\EUROCARD.LLB
Thu Nov 20 15:28:46 Loaded file E:\LIBRARIES\LIBRARY\LAYOUT_LIB\LAYOUT.LLB
Thu Nov 20 15:28:46 Loaded file E:\LIBRARIES\LIBRARY\LAYOUT_LIB\LAYOUT1.LLB
Thu Nov 20 15:28:46 Loaded file E:\LIBRARIES\LIBRARY\LAYOUT_LIB\LIB.LLB
Thu Nov 20 15:28:46 Loaded file E:\LIBRARIES\LIBRARY\LAYOUT_LIB\LIBR.LLB
Thu Nov 20 15:28:46 Loaded file E:\LIBRARIES\LIBRARY\LAYOUT_LIB\MAG.LLB
Thu Nov 20 15:28:46 Loaded file E:\LIBRARIES\LIBRARY\LAYOUT_LIB\MBOAD.LLB
Thu Nov 20 15:28:46 Loaded file E:\LIBRARIES\LIBRARY\LAYOUT_LIB\MISCELLANEOUS.LLB
Thu Nov 20 15:28:46 Loaded file E:\LIBRARIES\LIBRARY\LAYOUT_LIB\MOLEX 1.25MM.LLB
Thu Nov 20 15:28:46 Loaded file E:\LIBRARIES\LIBRARY\LAYOUT_LIB\MY_LIB_CON_MOLEX.LLB
Thu Nov 20 15:28:46 Loaded file E:\LIBRARIES\LIBRARY\LAYOUT_LIB\MY_LIB_CON_RF.LLB
Thu Nov 20 15:28:46 Loaded file E:\LIBRARIES\LIBRARY\LAYOUT_LIB\MY_LIB_CON_SAMTEC.LLB
Thu Nov 20 15:28:46 Loaded file E:\LIBRARIES\LIBRARY\LAYOUT_LIB\MY_LIB_RELAY.LLB
Thu Nov 20 15:28:46 Loaded file E:\LIBRARIES\LIBRARY\LAYOUT_LIB\MY_LIB_SM_MOD.LLB
Thu Nov 20 15:28:46 Loaded file E:\LIBRARIES\LIBRARY\LAYOUT_LIB\MY_LIB_TM_MOD.LLB
Thu Nov 20 15:28:46 Loaded file E:\LIBRARIES\LIBRARY\LAYOUT_LIB\MY_LIB_TO.LLB
Thu Nov 20 15:28:46 Loaded file E:\LIBRARIES\LIBRARY\LAYOUT_LIB\POWERINT_COMP.LLB
Thu Nov 20 15:28:46 Loaded file E:\LIBRARIES\LIBRARY\LAYOUT_LIB\QFN.LLB
Thu Nov 20 15:28:46 Loaded file E:\LIBRARIES\LIBRARY\LAYOUT_LIB\RO.LLB
Thu Nov 20 15:28:46 Loaded file E:\LIBRARIES\LIBRARY\LAYOUT_LIB\ROHITH.LLB
Thu Nov 20 15:28:46 Loaded file E:\LIBRARIES\LIBRARY\LAYOUT_LIB\ROHITH1.LLB
Thu Nov 20 15:28:46 Loaded file E:\LIBRARIES\LIBRARY\LAYOUT_LIB\SHERIEF.LLB
Thu Nov 20 15:28:46 Loaded file E:\LIBRARIES\LIBRARY\LAYOUT_LIB\SINGLE.LLB
Thu Nov 20 15:28:46 Loaded file E:\LIBRARIES\LIBRARY\LAYOUT_LIB\SM.LLB
Thu Nov 20 15:28:46 Loaded file E:\LIBRARIES\LIBRARY\LAYOUT_LIB\SMART.LLB
Thu Nov 20 15:28:46 Loaded file E:\LIBRARIES\LIBRARY\LAYOUT_LIB\SOG.LLB
Thu Nov 20 15:28:46 Loaded file E:\LIBRARIES\LIBRARY\LAYOUT_LIB\SOJ.LLB
Thu Nov 20 15:28:46 Loaded file E:\LIBRARIES\LIBRARY\LAYOUT_LIB\SPEED.LLB
Thu Nov 20 15:28:46 Loaded file E:\LIBRARIES\LIBRARY\LAYOUT_LIB\SPEED1.LLB
Thu Nov 20 15:28:46 Loaded file E:\LIBRARIES\LIBRARY\LAYOUT_LIB\THU VIEN LAYOUT 1-1-2007.LLB
Thu Nov 20 15:28:46 Loaded file E:\LIBRARIES\LIBRARY\LAYOUT_LIB\UR2.LLB
Thu Nov 20 15:28:46 Loaded file E:\LIBRARIES\LIBRARY\LAYOUT_LIB\USB.LLB
Thu Nov 20 15:28:46 Loaded file C:\OrCAD\OrCAD_16.0\tools\Layout_Plus\library\BCON100T.llb
Thu Nov 20 15:28:46 Loaded file C:\OrCAD\OrCAD_16.0\tools\Layout_Plus\library\BCON156T.llb
Thu Nov 20 15:28:46 Loaded file C:\OrCAD\OrCAD_16.0\tools\Layout_Plus\library\BGA.llb
Thu Nov 20 15:28:46 Loaded file C:\OrCAD\OrCAD_16.0\tools\Layout_Plus\library\CLCC.llb
Thu Nov 20 15:28:46 Loaded file C:\OrCAD\OrCAD_16.0\tools\Layout_Plus\library\DCON050T.llb
Thu Nov 20 15:28:46 Loaded file C:\OrCAD\OrCAD_16.0\tools\Layout_Plus\library\DCON085T.llb
Thu Nov 20 15:28:47 Loaded file C:\OrCAD\OrCAD_16.0\tools\Layout_Plus\library\DIMM050F.llb
Thu Nov 20 15:28:47 Loaded file C:\OrCAD\OrCAD_16.0\tools\Layout_Plus\library\DIMM050T.llb
Thu Nov 20 15:28:47 Loaded file C:\OrCAD\OrCAD_16.0\tools\Layout_Plus\library\DIN.llb
Thu Nov 20 15:28:47 Loaded file C:\OrCAD\OrCAD_16.0\tools\Layout_Plus\library\DIP100B.llb
Thu Nov 20 15:28:47 Loaded file C:\OrCAD\OrCAD_16.0\tools\Layout_Plus\library\DIP100T.llb
Thu Nov 20 15:28:47 Loaded file C:\OrCAD\OrCAD_16.0\tools\Layout_Plus\library\DSUBT.llb
Thu Nov 20 15:28:47 Loaded file C:\OrCAD\OrCAD_16.0\tools\Layout_Plus\library\DSUBT_HD.LLB
Thu Nov 20 15:28:47 Loaded file C:\OrCAD\OrCAD_16.0\tools\Layout_Plus\library\ECON100T.llb
Thu Nov 20 15:28:47 Loaded file C:\OrCAD\OrCAD_16.0\tools\Layout_Plus\library\FBUS.llb
Thu Nov 20 15:28:47 Loaded file C:\OrCAD\OrCAD_16.0\tools\Layout_Plus\library\ISA.llb
Thu Nov 20 15:28:47 Loaded file C:\OrCAD\OrCAD_16.0\tools\Layout_Plus\library\JUMPER.LLB
Thu Nov 20 15:28:47 Loaded file C:\OrCAD\OrCAD_16.0\tools\Layout_Plus\library\LAYOUT.llb
Thu Nov 20 15:28:47 Loaded file C:\OrCAD\OrCAD_16.0\tools\Layout_Plus\library\LCON100T.llb
Thu Nov 20 15:28:47 Loaded file C:\OrCAD\OrCAD_16.0\tools\Layout_Plus\library\PC104.llb
Thu Nov 20 15:28:47 Loaded file C:\OrCAD\OrCAD_16.0\tools\Layout_Plus\library\PCI.llb
Thu Nov 20 15:28:47 Loaded file C:\OrCAD\OrCAD_16.0\tools\Layout_Plus\library\PCON100T.llb
Thu Nov 20 15:28:47 Loaded file C:\OrCAD\OrCAD_16.0\tools\Layout_Plus\library\PCON156T.llb
Thu Nov 20 15:28:47 Loaded file C:\OrCAD\OrCAD_16.0\tools\Layout_Plus\library\PGA.llb
Thu Nov 20 15:28:47 Loaded file C:\OrCAD\OrCAD_16.0\tools\Layout_Plus\library\PLCC.llb
Thu Nov 20 15:28:47 Loaded file C:\OrCAD\OrCAD_16.0\tools\Layout_Plus\library\QUAD.llb
Thu Nov 20 15:28:47 Loaded file C:\OrCAD\OrCAD_16.0\tools\Layout_Plus\library\QUADB.llb
Thu Nov 20 15:28:47 Loaded file C:\OrCAD\OrCAD_16.0\tools\Layout_Plus\library\RELAY.llb
Thu Nov 20 15:28:47 Loaded file C:\OrCAD\OrCAD_16.0\tools\Layout_Plus\library\RF.llb
Thu Nov 20 15:28:47 Loaded file C:\OrCAD\OrCAD_16.0\tools\Layout_Plus\library\SBUS.llb
Thu Nov 20 15:28:47 Loaded file C:\OrCAD\OrCAD_16.0\tools\Layout_Plus\library\SIMM050F.llb
Thu Nov 20 15:28:47 Loaded file C:\OrCAD\OrCAD_16.0\tools\Layout_Plus\library\SIMM050T.llb
Thu Nov 20 15:28:47 Loaded file C:\OrCAD\OrCAD_16.0\tools\Layout_Plus\library\SIMM100F.llb
Thu Nov 20 15:28:47 Loaded file C:\OrCAD\OrCAD_16.0\tools\Layout_Plus\library\SIMM100T.llb
Thu Nov 20 15:28:47 Loaded file C:\OrCAD\OrCAD_16.0\tools\Layout_Plus\library\SIP.llb
Thu Nov 20 15:28:47 Loaded file C:\OrCAD\OrCAD_16.0\tools\Layout_Plus\library\SM.llb
Thu Nov 20 15:28:47 Loaded file C:\OrCAD\OrCAD_16.0\tools\Layout_Plus\library\SOG.llb
Thu Nov 20 15:28:47 Loaded file C:\OrCAD\OrCAD_16.0\tools\Layout_Plus\library\SOJ.llb
Thu Nov 20 15:28:47 Loaded file C:\OrCAD\OrCAD_16.0\tools\Layout_Plus\library\STIFF.llb
Thu Nov 20 15:28:47 Loaded file C:\OrCAD\OrCAD_16.0\tools\Layout_Plus\library\TELE.llb
Thu Nov 20 15:28:47 Loaded file C:\OrCAD\OrCAD_16.0\tools\Layout_Plus\library\TM_AXIAL.llb
Thu Nov 20 15:28:47 Loaded file C:\OrCAD\OrCAD_16.0\tools\Layout_Plus\library\TM_CAP_P.llb
Thu Nov 20 15:28:48 Loaded file C:\OrCAD\OrCAD_16.0\tools\Layout_Plus\library\TM_CYLND.llb
Thu Nov 20 15:28:48 Loaded file C:\OrCAD\OrCAD_16.0\tools\Layout_Plus\library\TM_DIODE.llb
Thu Nov 20 15:28:48 Loaded file C:\OrCAD\OrCAD_16.0\tools\Layout_Plus\library\TM_DISC.llb
Thu Nov 20 15:28:48 Loaded file C:\OrCAD\OrCAD_16.0\tools\Layout_Plus\library\TM_RAD.llb
Thu Nov 20 15:28:48 Loaded file C:\OrCAD\OrCAD_16.0\tools\Layout_Plus\library\TO.llb
Thu Nov 20 15:28:48 Loaded file C:\OrCAD\OrCAD_16.0\tools\Layout_Plus\library\TRAINING.LLB
Thu Nov 20 15:28:48 Loaded file C:\OrCAD\OrCAD_16.0\tools\Layout_Plus\library\VRES.llb
Thu Nov 20 15:28:48 Loaded file C:\OrCAD\OrCAD_16.0\tools\Layout_Plus\library\WCON100T.llb
Thu Nov 20 15:28:48 Loaded file C:\OrCAD\OrCAD_16.0\tools\Layout_Plus\library\XT.llb
Thu Nov 20 15:28:48 Loaded file C:\OrCAD\OrCAD_16.0\tools\Layout_Plus\library\ZIGZAG.llb
Thu Nov 20 15:28:48 Loaded file E:\LIBRARIES\LIBRARY\LAYOUT_LIB\DOUBLE.LLB
Thu Nov 20 15:28:50 Loaded file C:\OrCAD\OrCAD_16.0\tools\Layout_Plus\data\template.imp
Thu Nov 20 15:28:50 Loaded file C:\OrCAD\OrCAD_16.0\tools\Layout_Plus\data\template.imp
Thu Nov 20 15:28:50 Loaded file E:\LIBRARIES\LIBRARY\LAYOUT_LIB\EAGLESH.LLB
Thu Nov 20 15:28:51 Loaded file E:\LIBRARIES\LIBRARY\LAYOUT_LIB\RO.LLB
Thu Nov 20 15:28:52 Loaded file E:\LIBRARIES\LIBRARY\LAYOUT_LIB\ROHITH.LLB
Thu Nov 20 15:28:59 Loaded file E:\LIBRARIES\LIBRARY\LAYOUT_LIB\ROHITH1.LLB
Thu Nov 20 15:29:06 Loaded file C:\OrCAD\OrCAD_16.0\tools\Layout_Plus\data\template.imp
Thu Nov 20 15:29:08 Loaded file E:\LIBRARIES\LIBRARY\LAYOUT_LIB\SMART.LLB
Thu Nov 20 15:29:12 Loaded file C:\OrCAD\OrCAD_16.0\tools\Layout_Plus\data\template.imp
Thu Nov 20 15:29:13 Loaded file E:\LIBRARIES\LIBRARY\LAYOUT_LIB\SMART.LLB
Thu Nov 20 15:29:13 Loaded file E:\LIBRARIES\LIBRARY\LAYOUT_LIB\ROHITH.LLB
Thu Nov 20 15:29:13 Loaded file E:\LIBRARIES\LIBRARY\LAYOUT_LIB\DOUBLE.LLB
Thu Nov 20 15:29:15 Loaded file C:\OrCAD\OrCAD_16.0\tools\Layout_Plus\data\template.imp
Thu Nov 20 15:29:15 Loaded file C:\OrCAD\OrCAD_16.0\tools\Layout_Plus\data\template.imp
Thu Nov 20 15:29:16 Loaded file E:\LIBRARIES\LIBRARY\LAYOUT_LIB\DOUBLE.LLB
Thu Nov 20 15:29:16 Loaded file E:\LIBRARIES\LIBRARY\LAYOUT_LIB\SHERIEF.LLB
Thu Nov 20 15:29:17 Loaded file E:\LIBRARIES\LIBRARY\LAYOUT_LIB\SINGLE.LLB
Thu Nov 20 15:29:17 Loaded file E:\LIBRARIES\LIBRARY\LAYOUT_LIB\SM.LLB
Thu Nov 20 15:29:17 Loaded file E:\LIBRARIES\LIBRARY\LAYOUT_LIB\SMART.LLB
Thu Nov 20 15:29:23 Loaded file C:\OrCAD\OrCAD_16.0\tools\Layout_Plus\data\template.imp
Thu Nov 20 15:29:24 Loaded file E:\LIBRARIES\LIBRARY\LAYOUT_LIB\SMART.LLB
Thu Nov 20 15:29:24 Loaded file E:\LIBRARIES\LIBRARY\LAYOUT_LIB\LAYOUT.LLB
Thu Nov 20 15:29:30 Loaded file C:\OrCAD\OrCAD_16.0\tools\Layout_Plus\data\template.imp
Thu Nov 20 15:29:30 Loaded file C:\OrCAD\OrCAD_16.0\tools\Layout_Plus\data\template.imp
Thu Nov 20 15:29:31 Loaded file E:\LIBRARIES\LIBRARY\LAYOUT_LIB\EAGLESH.LLB
Thu Nov 20 15:29:32 Loaded file E:\LIBRARIES\LIBRARY\LAYOUT_LIB\RO.LLB
Thu Nov 20 15:29:33 Loaded file E:\LIBRARIES\LIBRARY\LAYOUT_LIB\ROHITH.LLB
Thu Nov 20 15:29:33 Loaded file E:\LIBRARIES\LIBRARY\LAYOUT_LIB\ROHITH1.LLB
Thu Nov 20 15:29:37 Loaded file C:\OrCAD\OrCAD_16.0\tools\Layout_Plus\data\template.imp
Thu Nov 20 15:29:39 Loaded file C:\OrCAD\OrCAD_16.0\tools\Layout_Plus\data\template.imp
Thu Nov 20 15:29:40 Loaded file C:\OrCAD\OrCAD_16.0\tools\Layout_Plus\data\template.imp
Thu Nov 20 15:29:48 Loaded file E:\LIBRARIES\LIBRARY\LAYOUT_LIB\ROHITH.LLB
Thu Nov 20 15:29:53 Loaded file E:\LIBRARIES\LIBRARY\LAYOUT_LIB\SMART.LLB
Thu Nov 20 15:29:55 Loaded file C:\OrCAD\OrCAD_16.0\tools\Layout_Plus\data\template.imp
Thu Nov 20 15:29:56 Loaded file C:\OrCAD\OrCAD_16.0\tools\Layout_Plus\data\template.imp
Thu Nov 20 15:29:57 Loaded file C:\OrCAD\OrCAD_16.0\tools\Layout_Plus\data\template.imp
Thu Nov 20 15:29:58 Loaded file C:\OrCAD\OrCAD_16.0\tools\Layout_Plus\data\template.imp
Thu Nov 20 15:30:01 Loaded file C:\OrCAD\OrCAD_16.0\tools\Layout_Plus\data\template.imp
Thu Nov 20 15:30:01 Loaded file C:\OrCAD\OrCAD_16.0\tools\Layout_Plus\data\template.imp
Thu Nov 20 15:30:04 Loaded file E:\LIBRARIES\LIBRARY\LAYOUT_LIB\SINGLE.LLB
Thu Nov 20 15:30:05 Loaded file E:\LIBRARIES\LIBRARY\LAYOUT_LIB\ROHITH.LLB
Thu Nov 20 15:30:09 Loaded file C:\OrCAD\OrCAD_16.0\tools\Layout_Plus\data\template.imp
Thu Nov 20 15:30:09 Loaded file C:\OrCAD\OrCAD_16.0\tools\Layout_Plus\data\template.imp
Thu Nov 20 15:30:12 Loaded file E:\LIBRARIES\LIBRARY\LAYOUT_LIB\ROHITH1.LLB
Thu Nov 20 15:30:13 Loaded file C:\OrCAD\OrCAD_16.0\tools\Layout_Plus\data\template.imp
Thu Nov 20 15:30:15 Loaded file E:\LIBRARIES\LIBRARY\LAYOUT_LIB\ROHITH1.LLB
Thu Nov 20 15:30:17 Loaded file C:\OrCAD\OrCAD_16.0\tools\Layout_Plus\data\template.imp
Thu Nov 20 15:30:17 Loaded file C:\OrCAD\OrCAD_16.0\tools\Layout_Plus\data\template.imp
Thu Nov 20 15:30:18 Loaded file E:\LIBRARIES\LIBRARY\LAYOUT_LIB\DOUBLE.LLB
Thu Nov 20 15:30:19 Loaded file E:\LIBRARIES\LIBRARY\LAYOUT_LIB\RO.LLB
Thu Nov 20 15:30:19 Loaded file E:\LIBRARIES\LIBRARY\LAYOUT_LIB\ROHITH.LLB
Thu Nov 20 15:30:19 Loaded file E:\LIBRARIES\LIBRARY\LAYOUT_LIB\ROHITH1.LLB
Thu Nov 20 15:30:23 Loaded file C:\OrCAD\OrCAD_16.0\tools\Layout_Plus\data\template.imp
Thu Nov 20 15:30:25 Loaded file E:\LIBRARIES\LIBRARY\LAYOUT_LIB\ROHITH.LLB
Thu Nov 20 15:30:26 Loaded file C:\OrCAD\OrCAD_16.0\tools\Layout_Plus\data\template.imp
Thu Nov 20 15:30:27 Loaded file E:\LIBRARIES\LIBRARY\LAYOUT_LIB\ROHITH.LLB
Thu Nov 20 15:30:29 Loaded file C:\OrCAD\OrCAD_16.0\tools\Layout_Plus\data\template.imp
Thu Nov 20 15:30:29 Loaded file C:\OrCAD\OrCAD_16.0\tools\Layout_Plus\data\template.imp
Thu Nov 20 15:30:29 Loaded file E:\LIBRARIES\LIBRARY\LAYOUT_LIB\DDPACK.LLB
Thu Nov 20 15:30:31 Loaded file E:\LIBRARIES\LIBRARY\LAYOUT_LIB\SHERIEF.LLB
Thu Nov 20 15:30:31 Loaded file E:\LIBRARIES\LIBRARY\LAYOUT_LIB\SINGLE.LLB
Thu Nov 20 15:30:32 Loaded file E:\LIBRARIES\LIBRARY\LAYOUT_LIB\SM.LLB
Thu Nov 20 15:30:32 Loaded file E:\LIBRARIES\LIBRARY\LAYOUT_LIB\SMART.LLB
Thu Nov 20 15:30:36 Loaded file C:\OrCAD\OrCAD_16.0\tools\Layout_Plus\data\template.imp
Thu Nov 20 15:30:37 Loaded file C:\OrCAD\OrCAD_16.0\tools\Layout_Plus\data\template.imp
Thu Nov 20 15:30:38 Loaded file C:\OrCAD\OrCAD_16.0\tools\Layout_Plus\data\template.imp
Thu Nov 20 15:30:38 Loaded file C:\OrCAD\OrCAD_16.0\tools\Layout_Plus\data\template.imp
Thu Nov 20 15:30:39 Loaded file C:\OrCAD\OrCAD_16.0\tools\Layout_Plus\data\template.imp
Thu Nov 20 15:30:40 Loaded file C:\OrCAD\OrCAD_16.0\tools\Layout_Plus\data\template.imp
Thu Nov 20 15:30:40 Loaded file C:\OrCAD\OrCAD_16.0\tools\Layout_Plus\data\template.imp
Thu Nov 20 15:30:40 Loaded file C:\OrCAD\OrCAD_16.0\tools\Layout_Plus\data\template.imp
Thu Nov 20 15:30:40 Loaded file C:\OrCAD\OrCAD_16.0\tools\Layout_Plus\data\template.imp
Thu Nov 20 15:30:40 Loaded file C:\OrCAD\OrCAD_16.0\tools\Layout_Plus\data\template.imp
Thu Nov 20 15:30:41 Loaded file C:\OrCAD\OrCAD_16.0\tools\Layout_Plus\data\template.imp
Thu Nov 20 15:30:41 Loaded file C:\OrCAD\OrCAD_16.0\tools\Layout_Plus\data\template.imp
Thu Nov 20 15:30:41 Loaded file C:\OrCAD\OrCAD_16.0\tools\Layout_Plus\data\template.imp
Thu Nov 20 15:30:41 Loaded file C:\OrCAD\OrCAD_16.0\tools\Layout_Plus\data\template.imp
Thu Nov 20 15:30:45 Loaded file E:\LIBRARIES\LIBRARY\LAYOUT_LIB\SMART.LLB
Thu Nov 20 15:30:46 Saved as file F:\ROHITH\ORCAD SCHEMATICS\SCHEMATIC-1.MAX
Thu Nov 20 15:31:30 Saved as file ~undo.max
Thu Nov 20 15:31:35 Saved as file ~undo.max
Thu Nov 20 15:31:45 Saved as file ~undo.max
Thu Nov 20 15:31:46 Saved as file ~undo.max
Thu Nov 20 15:31:47 Saved as file ~undo.max
Thu Nov 20 15:31:53 Saved as file ~undo.max
Thu Nov 20 15:31:57 Saved as file ~undo.max
Thu Nov 20 15:31:59 Saved as file ~undo.max
Thu Nov 20 15:32:01 Saved as file ~undo.max
Thu Nov 20 15:32:04 Saved as file ~undo.max
Thu Nov 20 15:32:08 Saved as file ~undo.max
Thu Nov 20 15:32:12 Saved as file ~undo.max
Thu Nov 20 15:32:16 Saved as file ~undo.max
Thu Nov 20 15:32:19 Saved as file ~undo.max
Thu Nov 20 15:32:22 Saved as file ~undo.max
Thu Nov 20 15:32:23 Saved as file ~undo.max
Thu Nov 20 15:32:26 Saved as file ~undo.max
Thu Nov 20 15:32:27 Saved as file ~undo.max
Thu Nov 20 15:32:29 Saved as file ~undo.max
Thu Nov 20 15:32:30 Saved as file ~undo.max
Thu Nov 20 15:32:32 Saved as file ~undo.max
Thu Nov 20 15:32:33 Saved as file ~undo.max
Thu Nov 20 15:32:36 Saved as file ~undo.max
Thu Nov 20 15:32:38 Saved as file ~undo.max
Thu Nov 20 15:32:41 Saved as file ~undo.max
Thu Nov 20 15:32:44 Saved as file ~undo.max
Thu Nov 20 15:32:51 Saved as file ~undo.max
Thu Nov 20 15:32:52 Saved as file ~undo.max
Thu Nov 20 15:32:56 Saved as file ~undo.max
Thu Nov 20 15:32:59 Saved as file ~undo.max
Thu Nov 20 15:33:03 Loaded file C:\OrCAD\OrCAD_16.0\tools\Layout_Plus\data\template.imp
Thu Nov 20 15:33:03 Loaded file C:\OrCAD\OrCAD_16.0\tools\Layout_Plus\data\template.imp
Thu Nov 20 15:33:03 Loaded file C:\OrCAD\OrCAD_16.0\tools\Layout_Plus\data\template.imp
Thu Nov 20 15:33:03 Loaded file C:\OrCAD\OrCAD_16.0\tools\Layout_Plus\data\template.imp
Thu Nov 20 15:33:03 Loaded file E:\LIBRARIES\LIBRARY\LAYOUT_LIB\EAGLESH.LLB
Thu Nov 20 15:33:04 Loaded file E:\LIBRARIES\LIBRARY\LAYOUT_LIB\SHERIEF.LLB
Thu Nov 20 15:33:05 Loaded file E:\LIBRARIES\LIBRARY\LAYOUT_LIB\SINGLE.LLB
Thu Nov 20 15:33:05 Loaded file E:\LIBRARIES\LIBRARY\LAYOUT_LIB\SM.LLB
Thu Nov 20 15:33:06 Loaded file E:\LIBRARIES\LIBRARY\LAYOUT_LIB\SMART.LLB
Thu Nov 20 15:33:10 Loaded file C:\OrCAD\OrCAD_16.0\tools\Layout_Plus\data\template.imp
Thu Nov 20 15:33:11 Loaded file C:\OrCAD\OrCAD_16.0\tools\Layout_Plus\data\template.imp
Thu Nov 20 15:33:11 Loaded file C:\OrCAD\OrCAD_16.0\tools\Layout_Plus\data\template.imp
Thu Nov 20 15:33:14 Saved as file ~undo.max
Thu Nov 20 15:33:20 Saved as file ~undo.max
Thu Nov 20 15:33:22 Saved as file ~undo.max
Thu Nov 20 15:33:24 Saved as file ~undo.max
Thu Nov 20 15:33:26 Saved as file ~undo.max
Thu Nov 20 15:33:39 Saved as file ~undo.max
Thu Nov 20 15:33:40 Saved as file ~undo.max
Thu Nov 20 15:33:42 Saved as file ~undo.max
Thu Nov 20 15:33:42 Saved as file ~undo.max
Thu Nov 20 15:33:44 Saved as file ~undo.max
Thu Nov 20 15:33:46 Saved as file ~undo.max
Thu Nov 20 15:33:50 Saved as file ~undo.max
Thu Nov 20 15:34:00 Saved as file ~undo.max
Thu Nov 20 15:34:04 Saved as file ~undo.max
Thu Nov 20 15:34:07 Saved as file ~undo.max
Thu Nov 20 15:34:10 Saved as file ~undo.max
Thu Nov 20 15:34:11 Saved as file ~undo.max
Thu Nov 20 15:34:12 Saved as file ~undo.max
Thu Nov 20 15:34:13 Saved as file ~undo.max
Thu Nov 20 15:34:16 Saved as file ~undo.max
Thu Nov 20 15:34:29 Saved as file ~undo.max
Thu Nov 20 15:34:31 Saved as file ~undo.max
Thu Nov 20 15:34:32 Saved as file ~undo.max
Thu Nov 20 15:34:33 Saved as file ~undo.max
Thu Nov 20 15:34:34 Saved as file ~undo.max
Thu Nov 20 15:34:36 Saved as file ~undo.max
Thu Nov 20 15:34:39 Saved as file ~undo.max
Thu Nov 20 15:34:40 Saved as file ~undo.max
Thu Nov 20 15:34:42 Saved as file ~undo.max
Thu Nov 20 15:34:45 Saved as file ~undo.max
Thu Nov 20 15:34:47 Saved as file ~undo.max
Thu Nov 20 15:34:52 Saved as file ~undo.max
Thu Nov 20 15:34:59 Saved as file ~undo.max
Thu Nov 20 15:35:04 Saved as file ~undo.max
Thu Nov 20 15:35:08 Saved as file ~undo.max
Thu Nov 20 15:35:10 Saved as file ~undo.max
Thu Nov 20 15:35:12 Saved as file ~undo.max
Thu Nov 20 15:35:16 Saved as file ~undo.max
Thu Nov 20 15:35:19 Saved as file ~undo.max
Thu Nov 20 15:35:20 Saved as file ~undo.max
Thu Nov 20 15:35:23 Saved as file ~undo.max
Thu Nov 20 15:35:27 Saved as file ~undo.max
Thu Nov 20 15:35:29 Saved as file ~undo.max
Thu Nov 20 15:35:31 Loaded file C:\OrCAD\OrCAD_16.0\tools\Layout_Plus\data\template.imp
Thu Nov 20 15:35:31 Loaded file C:\OrCAD\OrCAD_16.0\tools\Layout_Plus\data\template.imp
Thu Nov 20 15:35:31 Loaded file C:\OrCAD\OrCAD_16.0\tools\Layout_Plus\data\template.imp
Thu Nov 20 15:35:31 Loaded file C:\OrCAD\OrCAD_16.0\tools\Layout_Plus\data\template.imp
Thu Nov 20 15:35:32 Loaded file E:\LIBRARIES\LIBRARY\LAYOUT_LIB\DOUBLE.LLB
Thu Nov 20 15:35:32 Loaded file E:\LIBRARIES\LIBRARY\LAYOUT_LIB\RO.LLB
Thu Nov 20 15:35:33 Loaded file E:\LIBRARIES\LIBRARY\LAYOUT_LIB\ROHITH.LLB
Thu Nov 20 15:35:35 Loaded file C:\OrCAD\OrCAD_16.0\tools\Layout_Plus\data\template.imp
Thu Nov 20 15:35:36 Loaded file C:\OrCAD\OrCAD_16.0\tools\Layout_Plus\data\template.imp
Thu Nov 20 15:35:39 Loaded file E:\LIBRARIES\LIBRARY\LAYOUT_LIB\ROHITH1.LLB
Thu Nov 20 15:35:41 Loaded file C:\OrCAD\OrCAD_16.0\tools\Layout_Plus\data\template.imp
Thu Nov 20 15:35:43 Saved as file ~undo.max
Thu Nov 20 15:35:46 Saved as file ~undo.max
Thu Nov 20 15:35:51 Saved as file ~undo.max
Thu Nov 20 15:35:53 Saved as file ~undo.max
Thu Nov 20 15:35:54 Saved as file ~undo.max
Thu Nov 20 15:36:00 Saved as file ~undo.max
Thu Nov 20 15:36:03 Saved as file ~undo.max
Thu Nov 20 15:36:05 Saved as file ~undo.max
Thu Nov 20 15:36:14 Saved as file ~undo.max
Thu Nov 20 15:36:18 Saved as file ~undo.max
Thu Nov 20 15:36:36 Saved as file ~undo.max
Thu Nov 20 15:36:37 Saved as file ~undo.max
Thu Nov 20 15:36:46 Saved as file ~undo.max
Thu Nov 20 15:36:51 Saved as file ~undo.max
Thu Nov 20 15:36:58 Saved as file ~undo.max
Thu Nov 20 15:37:07 Saved as file ~undo.max
Thu Nov 20 15:37:12 Saved as file ~undo.max
Thu Nov 20 15:37:25 Saved as file ~undo.max
Thu Nov 20 15:37:27 Saved as file ~undo.max
Thu Nov 20 15:37:33 Saved as file ~undo.max
Thu Nov 20 15:37:40 Saved as file ~undo.max
Thu Nov 20 15:37:44 Saved as file ~undo.max
Thu Nov 20 15:37:46 Saved as file ~undo.max
Thu Nov 20 15:37:47 Saved as file ~undo.max
Thu Nov 20 15:37:52 Saved as file ~undo.max
Thu Nov 20 15:37:55 Saved as file ~undo.max
Thu Nov 20 15:37:58 Saved as file ~undo.max
Thu Nov 20 15:38:00 Saved as file ~undo.max
Thu Nov 20 15:38:05 Saved as file ~undo.max
Thu Nov 20 15:38:09 Saved as file ~undo.max
Thu Nov 20 15:38:13 Saved as file ~undo.max
Thu Nov 20 15:38:15 Saved as file ~undo.max
Thu Nov 20 15:38:17 Saved as file ~undo.max
Thu Nov 20 15:38:21 Saved as file ~undo.max
Thu Nov 20 15:38:28 Saved as file ~undo.max
Thu Nov 20 15:38:35 Saved as file ~undo.max
Thu Nov 20 15:38:37 Saved as file ~undo.max
Thu Nov 20 15:38:39 Saved as file ~undo.max
Thu Nov 20 15:38:45 Saved as file ~undo.max
Thu Nov 20 15:38:49 Saved as file ~undo.max
Thu Nov 20 15:38:51 Saved as file ~undo.max
Thu Nov 20 15:38:52 Saved as file ~undo.max
Thu Nov 20 15:38:54 Saved as file ~undo.max
Thu Nov 20 15:40:10 Saved as file ~undo.max
Thu Nov 20 15:40:14 Saved as file ~undo.max
Thu Nov 20 15:40:23 Saved as file ~undo.max
Thu Nov 20 15:40:25 Saved as file ~undo.max
Thu Nov 20 15:40:29 Saved as file ~undo.max
Thu Nov 20 15:40:32 Saved as file ~undo.max
Thu Nov 20 15:40:33 Saved as file ~undo.max
Thu Nov 20 15:40:35 Saved as file ~undo.max
Thu Nov 20 15:40:37 Saved as file ~undo.max
Thu Nov 20 15:40:40 Saved as file ~undo.max
Thu Nov 20 15:40:44 Saved as file ~undo.max
Thu Nov 20 15:40:49 Saved as file ~undo.max
Thu Nov 20 15:40:52 Saved as file ~undo.max
Thu Nov 20 15:40:53 Saved as file BACKUP1.MAX
Thu Nov 20 15:40:57 Saved as file ~undo.max
Thu Nov 20 15:40:59 Saved as file ~undo.max
Thu Nov 20 15:41:00 Saved as file ~undo.max
Thu Nov 20 15:41:01 Saved as file ~undo.max
Thu Nov 20 15:41:03 Saved as file ~undo.max
Thu Nov 20 15:41:14 Saved as file ~undo.max
Thu Nov 20 15:41:18 Saved as file ~undo.max
Thu Nov 20 15:41:22 Saved as file ~undo.max
Thu Nov 20 15:41:28 Saved as file ~undo.max
Thu Nov 20 15:41:30 Saved as file ~undo.max
Thu Nov 20 15:41:34 Saved as file ~undo.max
Thu Nov 20 15:41:36 Saved as file ~undo.max
Thu Nov 20 15:41:38 Saved as file ~undo.max
Thu Nov 20 15:41:41 Saved as file ~undo.max
Thu Nov 20 15:41:44 Saved as file ~undo.max
Thu Nov 20 15:41:46 Saved as file ~undo.max
Thu Nov 20 15:41:51 Saved as file ~undo.max
Thu Nov 20 15:41:56 Saved as file ~undo.max
Thu Nov 20 15:42:03 Saved as file ~undo.max
Thu Nov 20 15:42:05 Saved as file ~undo.max
Thu Nov 20 15:42:13 Saved as file ~undo.max
Thu Nov 20 15:42:15 Saved as file ~undo.max
Thu Nov 20 15:42:16 Saved as file ~undo.max
Thu Nov 20 15:42:17 Saved as file ~undo.max
Thu Nov 20 15:42:20 Saved as file ~undo.max
Thu Nov 20 15:42:21 Saved as file ~undo.max
Thu Nov 20 15:42:24 Saved as file ~undo.max
Thu Nov 20 15:42:26 Saved as file ~undo.max
Thu Nov 20 15:42:32 Saved as file ~undo.max
Thu Nov 20 15:42:35 Saved as file ~undo.max
Thu Nov 20 15:42:40 Saved as file ~undo.max
Thu Nov 20 15:42:44 Saved as file ~undo.max
Thu Nov 20 15:42:47 Saved as file ~undo.max
Thu Nov 20 15:42:48 Saved as file F:\ROHITH\ORCAD SCHEMATICS\SCHEMATIC-1.MAX
Thu Nov 20 15:43:18 Saved as file F:\ROHITH\ORCAD SCHEMATICS\SCHEMATIC-1.MAX
Thu Nov 20 15:43:43 Saved as file BACKUP1.MAX
Thu Nov 20 15:43:43 Routed 1 connections in 0 seconds.
Thu Nov 20 15:43:43 Total is now 1 out of 43 (2%).
Thu Nov 20 15:43:43 Saved as file SWEEP1.MAX
Thu Nov 20 15:43:45 Saved as file BACKUP1.MAX
Thu Nov 20 15:43:45 Routed 23 connections in 2 seconds.
Thu Nov 20 15:43:45 Total is now 24 out of 43 (55%).
Thu Nov 20 15:43:45 Saved as file SWEEP2.MAX
Thu Nov 20 15:43:50 No new connections routed.
Thu Nov 20 15:43:50 Total is now 24 out of 43 (55%).
Thu Nov 20 15:43:50 Saved as file SWEEP3.MAX
Thu Nov 20 15:44:04 No new connections routed.
Thu Nov 20 15:44:04 Total is now 24 out of 43 (55%).
Thu Nov 20 15:44:04 Saved as file SWEEP4.MAX
Thu Nov 20 15:44:15 No new connections routed.
Thu Nov 20 15:44:15 Total is now 24 out of 43 (55%).
Thu Nov 20 15:44:15 Saved as file SWEEP5.MAX
Thu Nov 20 15:44:38 Saved as file F:\ROHITH\ORCAD SCHEMATICS\SCHEMATIC-1.MAX
Thu Nov 20 15:44:39 Saved as file F:\ROHITH\ORCAD SCHEMATICS\SCHEMATIC-1.MAX
Thu Nov 20 15:44:39 Saved as file F:\ROHITH\ORCAD SCHEMATICS\SCHEMATIC-1.MAX
Thu Nov 20 15:44:40 Saved as file F:\ROHITH\ORCAD SCHEMATICS\SCHEMATIC-1.MAX
Thu Nov 20 15:44:40 Saved as file F:\ROHITH\ORCAD SCHEMATICS\SCHEMATIC-1.MAX
Thu Nov 20 15:44:40 Saved as file F:\ROHITH\ORCAD SCHEMATICS\SCHEMATIC-1.MAX
Thu Nov 20 15:44:48 Saved as file F:\ROHITH\ORCAD SCHEMATICS\SCHEMATIC-1.MAX
Thu Nov 20 15:45:19 Saved as file F:\ROHITH\ORCAD SCHEMATICS\SCHEMATIC-1.MAX
Thu Nov 20 15:51:53 Saved as file BACKUP1.MAX
Thu Nov 20 16:01:53 Saved as file BACKUP1.MAX
Thu Nov 20 16:05:05 Saved as file ~undo.max
Thu Nov 20 16:05:08 Saved as file ~undo.max
Thu Nov 20 16:05:15 Saved as file ~undo.max
Thu Nov 20 16:05:21 Saved as file ~undo.max
Thu Nov 20 16:05:27 Saved as file ~undo.max
Thu Nov 20 16:05:35 Saved as file ~undo.max
Thu Nov 20 16:05:38 Saved as file ~undo.max
Thu Nov 20 16:05:40 Saved as file ~undo.max
Thu Nov 20 16:05:43 Saved as file ~undo.max
Thu Nov 20 16:08:55 Saved as file ~undo.max
Thu Nov 20 16:08:56 Saved as file ~undo.max
Thu Nov 20 16:09:00 Saved as file ~undo.max
Thu Nov 20 16:09:04 Saved as file ~undo.max
Thu Nov 20 16:09:08 Saved as file ~undo.max
Thu Nov 20 16:09:15 Saved as file ~undo.max
Thu Nov 20 16:09:57 Saved as file ~undo.max
Thu Nov 20 16:10:05 Saved as file ~undo.max
Thu Nov 20 16:10:10 Saved as file ~undo.max
Thu Nov 20 16:10:24 Saved as file ~undo.max
Thu Nov 20 16:10:26 Saved as file ~undo.max
Thu Nov 20 16:10:29 Saved as file ~undo.max
Thu Nov 20 16:10:34 Saved as file ~undo.max
Thu Nov 20 16:10:38 Saved as file ~undo.max
Thu Nov 20 16:10:41 Saved as file ~undo.max
Thu Nov 20 16:10:43 Saved as file ~undo.max
Thu Nov 20 16:10:46 Saved as file ~undo.max
Thu Nov 20 16:10:47 Saved as file ~undo.max
Thu Nov 20 16:10:49 Saved as file ~undo.max
Thu Nov 20 16:10:51 Saved as file ~undo.max
Thu Nov 20 16:10:54 Saved as file ~undo.max
Thu Nov 20 16:10:57 Saved as file ~undo.max
Thu Nov 20 16:11:00 Saved as file ~undo.max
Thu Nov 20 16:11:02 Saved as file ~undo.max
Thu Nov 20 16:11:03 Saved as file ~undo.max
Thu Nov 20 16:11:06 Saved as file ~undo.max
Thu Nov 20 16:11:08 Saved as file ~undo.max
Thu Nov 20 16:11:09 Saved as file ~undo.max
Thu Nov 20 16:11:10 Saved as file ~undo.max
Thu Nov 20 16:11:17 Saved as file ~undo.max
Thu Nov 20 16:11:19 Saved as file ~undo.max
Thu Nov 20 16:11:22 Saved as file ~undo.max
Thu Nov 20 16:11:23 Saved as file ~undo.max
Thu Nov 20 16:11:25 Saved as file ~undo.max
Thu Nov 20 16:11:26 Saved as file ~undo.max
Thu Nov 20 16:11:28 Saved as file ~undo.max
Thu Nov 20 16:11:29 Saved as file ~undo.max
Thu Nov 20 16:11:31 Saved as file ~undo.max
Thu Nov 20 16:11:34 Saved as file ~undo.max
Thu Nov 20 16:11:38 Saved as file ~undo.max
Thu Nov 20 16:11:40 Saved as file ~undo.max
Thu Nov 20 16:11:42 Saved as file ~undo.max
Thu Nov 20 16:11:45 Saved as file ~undo.max
Thu Nov 20 16:11:50 Saved as file ~undo.max
Thu Nov 20 16:11:52 Saved as file ~undo.max
Thu Nov 20 16:11:54 Saved as file BACKUP1.MAX
Thu Nov 20 16:11:54 Saved as file ~undo.max
Thu Nov 20 16:11:55 Saved as file ~undo.max
Thu Nov 20 16:11:57 Saved as file ~undo.max
Thu Nov 20 16:11:58 Saved as file ~undo.max
Thu Nov 20 16:11:59 Saved as file F:\ROHITH\ORCAD SCHEMATICS\SCHEMATIC-1.MAX
Thu Nov 20 16:12:01 No new connections routed.
Thu Nov 20 16:12:01 Total is now 0 out of 43 (0%).
Thu Nov 20 16:12:01 Saved as file SWEEP1.MAX
Thu Nov 20 16:12:05 Saved as file BACKUP1.MAX
Thu Nov 20 16:12:05 Routed 21 connections in 3 seconds.
Thu Nov 20 16:12:05 Total is now 21 out of 43 (48%).
Thu Nov 20 16:12:05 Saved as file SWEEP2.MAX
Thu Nov 20 16:12:15 Routed 2 connections in 9 seconds.
Thu Nov 20 16:12:15 Total is now 23 out of 43 (53%).
Thu Nov 20 16:12:15 Saved as file SWEEP3.MAX
Thu Nov 20 16:12:43 Routed 2 connections in 28 seconds.
Thu Nov 20 16:12:43 Total is now 23 out of 43 (53%).
Thu Nov 20 16:12:43 Saved as file SWEEP4.MAX
Thu Nov 20 16:12:59 Routed 2 connections in 15 seconds.
Thu Nov 20 16:12:59 Total is now 25 out of 43 (58%).
Thu Nov 20 16:12:59 Saved as file SWEEP5.MAX
Thu Nov 20 16:16:58 Saved as file F:\ROHITH\ORCAD SCHEMATICS\SCHEMATIC-1.MAX
Thu Nov 20 16:17:19 Saved as file BACKUP1.MAX
Thu Nov 20 16:17:19 Routed 1 connections in 0 seconds.
Thu Nov 20 16:17:19 Total is now 1 out of 43 (2%).
Thu Nov 20 16:17:19 Saved as file SWEEP1.MAX
Thu Nov 20 16:17:21 Saved as file BACKUP1.MAX
Thu Nov 20 16:17:21 Routed 39 connections in 1 seconds.
Thu Nov 20 16:17:21 Total is now 40 out of 43 (93%).
Thu Nov 20 16:17:21 Saved as file SWEEP2.MAX
Thu Nov 20 16:17:21 No new connections routed.
Thu Nov 20 16:17:21 Total is now 40 out of 43 (93%).
Thu Nov 20 16:17:21 Saved as file SWEEP3.MAX
Thu Nov 20 16:17:27 Routed 1 connections in 5 seconds.
Thu Nov 20 16:17:27 Total is now 40 out of 43 (93%).
Thu Nov 20 16:17:27 Saved as file SWEEP4.MAX
Thu Nov 20 16:17:28 Routed 2 connections in 0 seconds.
Thu Nov 20 16:17:28 Total is now 41 out of 43 (95%).
Thu Nov 20 16:17:28 Saved as file SWEEP5.MAX
Thu Nov 20 16:19:48 Saved as file ~undo.max
Thu Nov 20 16:19:52 Saved as file ~undo.max
Thu Nov 20 16:20:06 Saved as file ~undo.max
Thu Nov 20 16:20:08 Saved as file ~undo.max
Thu Nov 20 16:20:09 Saved as file ~undo.max
Thu Nov 20 16:20:10 Saved as file ~undo.max
Thu Nov 20 16:20:11 Saved as file ~undo.max
Thu Nov 20 16:20:12 Saved as file ~undo.max
Thu Nov 20 16:20:14 Saved as file ~undo.max
Thu Nov 20 16:20:31 Saved as file ~undo.max
Thu Nov 20 16:20:40 Saved as file ~undo.max
Thu Nov 20 16:20:42 Saved as file ~undo.max
Thu Nov 20 16:20:43 Saved as file ~undo.max
Thu Nov 20 16:20:47 Saved as file ~undo.max
Thu Nov 20 16:20:51 Saved as file ~undo.max
Thu Nov 20 16:20:53 Saved as file ~undo.max
Thu Nov 20 16:20:55 Saved as file ~undo.max
Thu Nov 20 16:20:56 Saved as file ~undo.max
Thu Nov 20 16:20:59 Saved as file ~undo.max
Thu Nov 20 16:21:54 Saved as file BACKUP1.MAX
Thu Nov 20 16:23:08 Saved as file BACKUP1.MAX
Thu Nov 20 16:23:08 Saved as file F:\ROHITH\ORCAD SCHEMATICS\SCHEMATIC-1.MAX
Thu Nov 20 16:23:16 UserDiv from Layout.INI for AutoECO: 60
Thu Nov 20 16:23:16 Loaded file F:\ROHITH\ORCAD SCHEMATICS\SCHEMATIC-1.MAX
Thu Nov 20 16:23:16 Loaded file E:\LIBRARIES\LIBRARY\LAYOUT_LIB\DDPACK.LLB
Thu Nov 20 16:23:16 Loaded file E:\LIBRARIES\LIBRARY\LAYOUT_LIB\DOUBLE.LLB
Thu Nov 20 16:23:16 Loaded file E:\LIBRARIES\LIBRARY\LAYOUT_LIB\EAGLESH.LLB
Thu Nov 20 16:23:16 Loaded file E:\LIBRARIES\LIBRARY\LAYOUT_LIB\EUROCARD.LLB
Thu Nov 20 16:23:16 Loaded file E:\LIBRARIES\LIBRARY\LAYOUT_LIB\LAYOUT.LLB
Thu Nov 20 16:23:16 Loaded file E:\LIBRARIES\LIBRARY\LAYOUT_LIB\LAYOUT1.LLB
Thu Nov 20 16:23:16 Loaded file E:\LIBRARIES\LIBRARY\LAYOUT_LIB\LIB.LLB
Thu Nov 20 16:23:16 Loaded file E:\LIBRARIES\LIBRARY\LAYOUT_LIB\LIBR.LLB
Thu Nov 20 16:23:16 Loaded file E:\LIBRARIES\LIBRARY\LAYOUT_LIB\MAG.LLB
Thu Nov 20 16:23:16 Loaded file E:\LIBRARIES\LIBRARY\LAYOUT_LIB\MBOAD.LLB
Thu Nov 20 16:23:16 Loaded file E:\LIBRARIES\LIBRARY\LAYOUT_LIB\MISCELLANEOUS.LLB
Thu Nov 20 16:23:16 Loaded file E:\LIBRARIES\LIBRARY\LAYOUT_LIB\MOLEX 1.25MM.LLB
Thu Nov 20 16:23:16 Loaded file E:\LIBRARIES\LIBRARY\LAYOUT_LIB\MY_LIB_CON_MOLEX.LLB
Thu Nov 20 16:23:16 Loaded file E:\LIBRARIES\LIBRARY\LAYOUT_LIB\MY_LIB_CON_RF.LLB
Thu Nov 20 16:23:16 Loaded file E:\LIBRARIES\LIBRARY\LAYOUT_LIB\MY_LIB_CON_SAMTEC.LLB
Thu Nov 20 16:23:16 Loaded file E:\LIBRARIES\LIBRARY\LAYOUT_LIB\MY_LIB_RELAY.LLB
Thu Nov 20 16:23:16 Loaded file E:\LIBRARIES\LIBRARY\LAYOUT_LIB\MY_LIB_SM_MOD.LLB
Thu Nov 20 16:23:16 Loaded file E:\LIBRARIES\LIBRARY\LAYOUT_LIB\MY_LIB_TM_MOD.LLB
Thu Nov 20 16:23:16 Loaded file E:\LIBRARIES\LIBRARY\LAYOUT_LIB\MY_LIB_TO.LLB
Thu Nov 20 16:23:16 Loaded file E:\LIBRARIES\LIBRARY\LAYOUT_LIB\POWERINT_COMP.LLB
Thu Nov 20 16:23:16 Loaded file E:\LIBRARIES\LIBRARY\LAYOUT_LIB\QFN.LLB
Thu Nov 20 16:23:16 Loaded file E:\LIBRARIES\LIBRARY\LAYOUT_LIB\RO.LLB
Thu Nov 20 16:23:16 Loaded file E:\LIBRARIES\LIBRARY\LAYOUT_LIB\ROHITH.LLB
Thu Nov 20 16:23:16 Loaded file E:\LIBRARIES\LIBRARY\LAYOUT_LIB\ROHITH1.LLB
Thu Nov 20 16:23:16 Loaded file E:\LIBRARIES\LIBRARY\LAYOUT_LIB\SHERIEF.LLB
Thu Nov 20 16:23:16 Loaded file E:\LIBRARIES\LIBRARY\LAYOUT_LIB\SINGLE.LLB
Thu Nov 20 16:23:16 Loaded file E:\LIBRARIES\LIBRARY\LAYOUT_LIB\SM.LLB
Thu Nov 20 16:23:16 Loaded file E:\LIBRARIES\LIBRARY\LAYOUT_LIB\SMART.LLB
Thu Nov 20 16:23:16 Loaded file E:\LIBRARIES\LIBRARY\LAYOUT_LIB\SOG.LLB
Thu Nov 20 16:23:16 Loaded file E:\LIBRARIES\LIBRARY\LAYOUT_LIB\SOJ.LLB
Thu Nov 20 16:23:16 Loaded file E:\LIBRARIES\LIBRARY\LAYOUT_LIB\SPEED.LLB
Thu Nov 20 16:23:16 Loaded file E:\LIBRARIES\LIBRARY\LAYOUT_LIB\SPEED1.LLB
Thu Nov 20 16:23:16 Loaded file E:\LIBRARIES\LIBRARY\LAYOUT_LIB\THU VIEN LAYOUT 1-1-2007.LLB
Thu Nov 20 16:23:16 Loaded file E:\LIBRARIES\LIBRARY\LAYOUT_LIB\UR2.LLB
Thu Nov 20 16:23:17 Loaded file E:\LIBRARIES\LIBRARY\LAYOUT_LIB\USB.LLB
Thu Nov 20 16:23:17 Loaded file C:\OrCAD\OrCAD_16.0\tools\Layout_Plus\library\BCON100T.llb
Thu Nov 20 16:23:17 Loaded file C:\OrCAD\OrCAD_16.0\tools\Layout_Plus\library\BCON156T.llb
Thu Nov 20 16:23:17 Loaded file C:\OrCAD\OrCAD_16.0\tools\Layout_Plus\library\BGA.llb
Thu Nov 20 16:23:17 Loaded file C:\OrCAD\OrCAD_16.0\tools\Layout_Plus\library\CLCC.llb
Thu Nov 20 16:23:17 Loaded file C:\OrCAD\OrCAD_16.0\tools\Layout_Plus\library\DCON050T.llb
Thu Nov 20 16:23:17 Loaded file C:\OrCAD\OrCAD_16.0\tools\Layout_Plus\library\DCON085T.llb
Thu Nov 20 16:23:17 Loaded file C:\OrCAD\OrCAD_16.0\tools\Layout_Plus\library\DIMM050F.llb
Thu Nov 20 16:23:17 Loaded file C:\OrCAD\OrCAD_16.0\tools\Layout_Plus\library\DIMM050T.llb
Thu Nov 20 16:23:17 Loaded file C:\OrCAD\OrCAD_16.0\tools\Layout_Plus\library\DIN.llb
Thu Nov 20 16:23:17 Loaded file C:\OrCAD\OrCAD_16.0\tools\Layout_Plus\library\DIP100B.llb
Thu Nov 20 16:23:17 Loaded file C:\OrCAD\OrCAD_16.0\tools\Layout_Plus\library\DIP100T.llb
Thu Nov 20 16:23:17 Loaded file C:\OrCAD\OrCAD_16.0\tools\Layout_Plus\library\DSUBT.llb
Thu Nov 20 16:23:17 Loaded file C:\OrCAD\OrCAD_16.0\tools\Layout_Plus\library\DSUBT_HD.LLB
Thu Nov 20 16:23:17 Loaded file C:\OrCAD\OrCAD_16.0\tools\Layout_Plus\library\ECON100T.llb
Thu Nov 20 16:23:17 Loaded file C:\OrCAD\OrCAD_16.0\tools\Layout_Plus\library\FBUS.llb
Thu Nov 20 16:23:17 Loaded file C:\OrCAD\OrCAD_16.0\tools\Layout_Plus\library\ISA.llb
Thu Nov 20 16:23:17 Loaded file C:\OrCAD\OrCAD_16.0\tools\Layout_Plus\library\JUMPER.LLB
Thu Nov 20 16:23:17 Loaded file C:\OrCAD\OrCAD_16.0\tools\Layout_Plus\library\LAYOUT.llb
Thu Nov 20 16:23:17 Loaded file C:\OrCAD\OrCAD_16.0\tools\Layout_Plus\library\LCON100T.llb
Thu Nov 20 16:23:17 Loaded file C:\OrCAD\OrCAD_16.0\tools\Layout_Plus\library\PC104.llb
Thu Nov 20 16:23:17 Loaded file C:\OrCAD\OrCAD_16.0\tools\Layout_Plus\library\PCI.llb
Thu Nov 20 16:23:17 Loaded file C:\OrCAD\OrCAD_16.0\tools\Layout_Plus\library\PCON100T.llb
Thu Nov 20 16:23:17 Loaded file C:\OrCAD\OrCAD_16.0\tools\Layout_Plus\library\PCON156T.llb
Thu Nov 20 16:23:17 Loaded file C:\OrCAD\OrCAD_16.0\tools\Layout_Plus\library\PGA.llb
Thu Nov 20 16:23:17 Loaded file C:\OrCAD\OrCAD_16.0\tools\Layout_Plus\library\PLCC.llb
Thu Nov 20 16:23:17 Loaded file C:\OrCAD\OrCAD_16.0\tools\Layout_Plus\library\QUAD.llb
Thu Nov 20 16:23:17 Loaded file C:\OrCAD\OrCAD_16.0\tools\Layout_Plus\library\QUADB.llb
Thu Nov 20 16:23:17 Loaded file C:\OrCAD\OrCAD_16.0\tools\Layout_Plus\library\RELAY.llb
Thu Nov 20 16:23:17 Loaded file C:\OrCAD\OrCAD_16.0\tools\Layout_Plus\library\RF.llb
Thu Nov 20 16:23:17 Loaded file C:\OrCAD\OrCAD_16.0\tools\Layout_Plus\library\SBUS.llb
Thu Nov 20 16:23:17 Loaded file C:\OrCAD\OrCAD_16.0\tools\Layout_Plus\library\SIMM050F.llb
Thu Nov 20 16:23:17 Loaded file C:\OrCAD\OrCAD_16.0\tools\Layout_Plus\library\SIMM050T.llb
Thu Nov 20 16:23:17 Loaded file C:\OrCAD\OrCAD_16.0\tools\Layout_Plus\library\SIMM100F.llb
Thu Nov 20 16:23:17 Loaded file C:\OrCAD\OrCAD_16.0\tools\Layout_Plus\library\SIMM100T.llb
Thu Nov 20 16:23:17 Loaded file C:\OrCAD\OrCAD_16.0\tools\Layout_Plus\library\SIP.llb
Thu Nov 20 16:23:17 Loaded file C:\OrCAD\OrCAD_16.0\tools\Layout_Plus\library\SM.llb
Thu Nov 20 16:23:17 Loaded file C:\OrCAD\OrCAD_16.0\tools\Layout_Plus\library\SOG.llb
Thu Nov 20 16:23:17 Loaded file C:\OrCAD\OrCAD_16.0\tools\Layout_Plus\library\SOJ.llb
Thu Nov 20 16:23:17 Loaded file C:\OrCAD\OrCAD_16.0\tools\Layout_Plus\library\STIFF.llb
Thu Nov 20 16:23:17 Loaded file C:\OrCAD\OrCAD_16.0\tools\Layout_Plus\library\TELE.llb
Thu Nov 20 16:23:17 Loaded file C:\OrCAD\OrCAD_16.0\tools\Layout_Plus\library\TM_AXIAL.llb
Thu Nov 20 16:23:17 Loaded file C:\OrCAD\OrCAD_16.0\tools\Layout_Plus\library\TM_CAP_P.llb
Thu Nov 20 16:23:17 Loaded file C:\OrCAD\OrCAD_16.0\tools\Layout_Plus\library\TM_CYLND.llb
Thu Nov 20 16:23:17 Loaded file C:\OrCAD\OrCAD_16.0\tools\Layout_Plus\library\TM_DIODE.llb
Thu Nov 20 16:23:17 Loaded file C:\OrCAD\OrCAD_16.0\tools\Layout_Plus\library\TM_DISC.llb
Thu Nov 20 16:23:17 Loaded file C:\OrCAD\OrCAD_16.0\tools\Layout_Plus\library\TM_RAD.llb
Thu Nov 20 16:23:17 Loaded file C:\OrCAD\OrCAD_16.0\tools\Layout_Plus\library\TO.llb
Thu Nov 20 16:23:17 Loaded file C:\OrCAD\OrCAD_16.0\tools\Layout_Plus\library\TRAINING.LLB
Thu Nov 20 16:23:17 Loaded file C:\OrCAD\OrCAD_16.0\tools\Layout_Plus\library\VRES.llb
Thu Nov 20 16:23:17 Loaded file C:\OrCAD\OrCAD_16.0\tools\Layout_Plus\library\WCON100T.llb
Thu Nov 20 16:23:17 Loaded file C:\OrCAD\OrCAD_16.0\tools\Layout_Plus\library\XT.llb
Thu Nov 20 16:23:17 Loaded file C:\OrCAD\OrCAD_16.0\tools\Layout_Plus\library\ZIGZAG.llb
Thu Nov 20 16:23:18 Saved as file F:\ROHITH\ORCAD SCHEMATICS\SCHEMATIC-1.MAX
Thu Nov 20 16:23:18 Loaded file F:\ROHITH\ORCAD SCHEMATICS\SCHEMATIC-1.MAX
Thu Nov 20 16:28:43 Saved as file BACKUP1.MAX
Thu Nov 20 16:28:43 Saved as file F:\ROHITH\ORCAD SCHEMATICS\SCHEMATIC-1.MAX
Thu Nov 20 16:28:48 UserDiv from Layout.INI for AutoECO: 60
Thu Nov 20 16:28:48 Loaded file F:\ROHITH\ORCAD SCHEMATICS\SCHEMATIC-1.MAX
Thu Nov 20 16:28:48 Loaded file E:\LIBRARIES\LIBRARY\LAYOUT_LIB\DDPACK.LLB
Thu Nov 20 16:28:48 Loaded file E:\LIBRARIES\LIBRARY\LAYOUT_LIB\DOUBLE.LLB
Thu Nov 20 16:28:48 Loaded file E:\LIBRARIES\LIBRARY\LAYOUT_LIB\EAGLESH.LLB
Thu Nov 20 16:28:48 Loaded file E:\LIBRARIES\LIBRARY\LAYOUT_LIB\EUROCARD.LLB
Thu Nov 20 16:28:48 Loaded file E:\LIBRARIES\LIBRARY\LAYOUT_LIB\LAYOUT.LLB
Thu Nov 20 16:28:48 Loaded file E:\LIBRARIES\LIBRARY\LAYOUT_LIB\LAYOUT1.LLB
Thu Nov 20 16:28:48 Loaded file E:\LIBRARIES\LIBRARY\LAYOUT_LIB\LIB.LLB
Thu Nov 20 16:28:48 Loaded file E:\LIBRARIES\LIBRARY\LAYOUT_LIB\LIBR.LLB
Thu Nov 20 16:28:48 Loaded file E:\LIBRARIES\LIBRARY\LAYOUT_LIB\MAG.LLB
Thu Nov 20 16:28:48 Loaded file E:\LIBRARIES\LIBRARY\LAYOUT_LIB\MBOAD.LLB
Thu Nov 20 16:28:48 Loaded file E:\LIBRARIES\LIBRARY\LAYOUT_LIB\MISCELLANEOUS.LLB
Thu Nov 20 16:28:48 Loaded file E:\LIBRARIES\LIBRARY\LAYOUT_LIB\MOLEX 1.25MM.LLB
Thu Nov 20 16:28:48 Loaded file E:\LIBRARIES\LIBRARY\LAYOUT_LIB\MY_LIB_CON_MOLEX.LLB
Thu Nov 20 16:28:48 Loaded file E:\LIBRARIES\LIBRARY\LAYOUT_LIB\MY_LIB_CON_RF.LLB
Thu Nov 20 16:28:48 Loaded file E:\LIBRARIES\LIBRARY\LAYOUT_LIB\MY_LIB_CON_SAMTEC.LLB
Thu Nov 20 16:28:48 Loaded file E:\LIBRARIES\LIBRARY\LAYOUT_LIB\MY_LIB_RELAY.LLB
Thu Nov 20 16:28:48 Loaded file E:\LIBRARIES\LIBRARY\LAYOUT_LIB\MY_LIB_SM_MOD.LLB
Thu Nov 20 16:28:48 Loaded file E:\LIBRARIES\LIBRARY\LAYOUT_LIB\MY_LIB_TM_MOD.LLB
Thu Nov 20 16:28:48 Loaded file E:\LIBRARIES\LIBRARY\LAYOUT_LIB\MY_LIB_TO.LLB
Thu Nov 20 16:28:48 Loaded file E:\LIBRARIES\LIBRARY\LAYOUT_LIB\POWERINT_COMP.LLB
Thu Nov 20 16:28:48 Loaded file E:\LIBRARIES\LIBRARY\LAYOUT_LIB\QFN.LLB
Thu Nov 20 16:28:48 Loaded file E:\LIBRARIES\LIBRARY\LAYOUT_LIB\RO.LLB
Thu Nov 20 16:28:48 Loaded file E:\LIBRARIES\LIBRARY\LAYOUT_LIB\ROHITH.LLB
Thu Nov 20 16:28:48 Loaded file E:\LIBRARIES\LIBRARY\LAYOUT_LIB\ROHITH1.LLB
Thu Nov 20 16:28:48 Loaded file E:\LIBRARIES\LIBRARY\LAYOUT_LIB\SHERIEF.LLB
Thu Nov 20 16:28:48 Loaded file E:\LIBRARIES\LIBRARY\LAYOUT_LIB\SINGLE.LLB
Thu Nov 20 16:28:48 Loaded file E:\LIBRARIES\LIBRARY\LAYOUT_LIB\SM.LLB
Thu Nov 20 16:28:48 Loaded file E:\LIBRARIES\LIBRARY\LAYOUT_LIB\SMART.LLB
Thu Nov 20 16:28:48 Loaded file E:\LIBRARIES\LIBRARY\LAYOUT_LIB\SOG.LLB
Thu Nov 20 16:28:48 Loaded file E:\LIBRARIES\LIBRARY\LAYOUT_LIB\SOJ.LLB
Thu Nov 20 16:28:48 Loaded file E:\LIBRARIES\LIBRARY\LAYOUT_LIB\SPEED.LLB
Thu Nov 20 16:28:48 Loaded file E:\LIBRARIES\LIBRARY\LAYOUT_LIB\SPEED1.LLB
Thu Nov 20 16:28:48 Loaded file E:\LIBRARIES\LIBRARY\LAYOUT_LIB\THU VIEN LAYOUT 1-1-2007.LLB
Thu Nov 20 16:28:48 Loaded file E:\LIBRARIES\LIBRARY\LAYOUT_LIB\UR2.LLB
Thu Nov 20 16:28:48 Loaded file E:\LIBRARIES\LIBRARY\LAYOUT_LIB\USB.LLB
Thu Nov 20 16:28:48 Loaded file C:\OrCAD\OrCAD_16.0\tools\Layout_Plus\library\BCON100T.llb
Thu Nov 20 16:28:48 Loaded file C:\OrCAD\OrCAD_16.0\tools\Layout_Plus\library\BCON156T.llb
Thu Nov 20 16:28:48 Loaded file C:\OrCAD\OrCAD_16.0\tools\Layout_Plus\library\BGA.llb
Thu Nov 20 16:28:48 Loaded file C:\OrCAD\OrCAD_16.0\tools\Layout_Plus\library\CLCC.llb
Thu Nov 20 16:28:48 Loaded file C:\OrCAD\OrCAD_16.0\tools\Layout_Plus\library\DCON050T.llb
Thu Nov 20 16:28:48 Loaded file C:\OrCAD\OrCAD_16.0\tools\Layout_Plus\library\DCON085T.llb
Thu Nov 20 16:28:48 Loaded file C:\OrCAD\OrCAD_16.0\tools\Layout_Plus\library\DIMM050F.llb
Thu Nov 20 16:28:48 Loaded file C:\OrCAD\OrCAD_16.0\tools\Layout_Plus\library\DIMM050T.llb
Thu Nov 20 16:28:48 Loaded file C:\OrCAD\OrCAD_16.0\tools\Layout_Plus\library\DIN.llb
Thu Nov 20 16:28:48 Loaded file C:\OrCAD\OrCAD_16.0\tools\Layout_Plus\library\DIP100B.llb
Thu Nov 20 16:28:48 Loaded file C:\OrCAD\OrCAD_16.0\tools\Layout_Plus\library\DIP100T.llb
Thu Nov 20 16:28:48 Loaded file C:\OrCAD\OrCAD_16.0\tools\Layout_Plus\library\DSUBT.llb
Thu Nov 20 16:28:48 Loaded file C:\OrCAD\OrCAD_16.0\tools\Layout_Plus\library\DSUBT_HD.LLB
Thu Nov 20 16:28:48 Loaded file C:\OrCAD\OrCAD_16.0\tools\Layout_Plus\library\ECON100T.llb
Thu Nov 20 16:28:48 Loaded file C:\OrCAD\OrCAD_16.0\tools\Layout_Plus\library\FBUS.llb
Thu Nov 20 16:28:48 Loaded file C:\OrCAD\OrCAD_16.0\tools\Layout_Plus\library\ISA.llb
Thu Nov 20 16:28:48 Loaded file C:\OrCAD\OrCAD_16.0\tools\Layout_Plus\library\JUMPER.LLB
Thu Nov 20 16:28:48 Loaded file C:\OrCAD\OrCAD_16.0\tools\Layout_Plus\library\LAYOUT.llb
Thu Nov 20 16:28:48 Loaded file C:\OrCAD\OrCAD_16.0\tools\Layout_Plus\library\LCON100T.llb
Thu Nov 20 16:28:48 Loaded file C:\OrCAD\OrCAD_16.0\tools\Layout_Plus\library\PC104.llb
Thu Nov 20 16:28:48 Loaded file C:\OrCAD\OrCAD_16.0\tools\Layout_Plus\library\PCI.llb
Thu Nov 20 16:28:48 Loaded file C:\OrCAD\OrCAD_16.0\tools\Layout_Plus\library\PCON100T.llb
Thu Nov 20 16:28:48 Loaded file C:\OrCAD\OrCAD_16.0\tools\Layout_Plus\library\PCON156T.llb
Thu Nov 20 16:28:48 Loaded file C:\OrCAD\OrCAD_16.0\tools\Layout_Plus\library\PGA.llb
Thu Nov 20 16:28:48 Loaded file C:\OrCAD\OrCAD_16.0\tools\Layout_Plus\library\PLCC.llb
Thu Nov 20 16:28:48 Loaded file C:\OrCAD\OrCAD_16.0\tools\Layout_Plus\library\QUAD.llb
Thu Nov 20 16:28:48 Loaded file C:\OrCAD\OrCAD_16.0\tools\Layout_Plus\library\QUADB.llb
Thu Nov 20 16:28:48 Loaded file C:\OrCAD\OrCAD_16.0\tools\Layout_Plus\library\RELAY.llb
Thu Nov 20 16:28:48 Loaded file C:\OrCAD\OrCAD_16.0\tools\Layout_Plus\library\RF.llb
Thu Nov 20 16:28:48 Loaded file C:\OrCAD\OrCAD_16.0\tools\Layout_Plus\library\SBUS.llb
Thu Nov 20 16:28:48 Loaded file C:\OrCAD\OrCAD_16.0\tools\Layout_Plus\library\SIMM050F.llb
Thu Nov 20 16:28:48 Loaded file C:\OrCAD\OrCAD_16.0\tools\Layout_Plus\library\SIMM050T.llb
Thu Nov 20 16:28:48 Loaded file C:\OrCAD\OrCAD_16.0\tools\Layout_Plus\library\SIMM100F.llb
Thu Nov 20 16:28:48 Loaded file C:\OrCAD\OrCAD_16.0\tools\Layout_Plus\library\SIMM100T.llb
Thu Nov 20 16:28:48 Loaded file C:\OrCAD\OrCAD_16.0\tools\Layout_Plus\library\SIP.llb
Thu Nov 20 16:28:48 Loaded file C:\OrCAD\OrCAD_16.0\tools\Layout_Plus\library\SM.llb
Thu Nov 20 16:28:48 Loaded file C:\OrCAD\OrCAD_16.0\tools\Layout_Plus\library\SOG.llb
Thu Nov 20 16:28:48 Loaded file C:\OrCAD\OrCAD_16.0\tools\Layout_Plus\library\SOJ.llb
Thu Nov 20 16:28:48 Loaded file C:\OrCAD\OrCAD_16.0\tools\Layout_Plus\library\STIFF.llb
Thu Nov 20 16:28:48 Loaded file C:\OrCAD\OrCAD_16.0\tools\Layout_Plus\library\TELE.llb
Thu Nov 20 16:28:48 Loaded file C:\OrCAD\OrCAD_16.0\tools\Layout_Plus\library\TM_AXIAL.llb
Thu Nov 20 16:28:48 Loaded file C:\OrCAD\OrCAD_16.0\tools\Layout_Plus\library\TM_CAP_P.llb
Thu Nov 20 16:28:48 Loaded file C:\OrCAD\OrCAD_16.0\tools\Layout_Plus\library\TM_CYLND.llb
Thu Nov 20 16:28:48 Loaded file C:\OrCAD\OrCAD_16.0\tools\Layout_Plus\library\TM_DIODE.llb
Thu Nov 20 16:28:48 Loaded file C:\OrCAD\OrCAD_16.0\tools\Layout_Plus\library\TM_DISC.llb
Thu Nov 20 16:28:48 Loaded file C:\OrCAD\OrCAD_16.0\tools\Layout_Plus\library\TM_RAD.llb
Thu Nov 20 16:28:48 Loaded file C:\OrCAD\OrCAD_16.0\tools\Layout_Plus\library\TO.llb
Thu Nov 20 16:28:48 Loaded file C:\OrCAD\OrCAD_16.0\tools\Layout_Plus\library\TRAINING.LLB
Thu Nov 20 16:28:48 Loaded file C:\OrCAD\OrCAD_16.0\tools\Layout_Plus\library\VRES.llb
Thu Nov 20 16:28:48 Loaded file C:\OrCAD\OrCAD_16.0\tools\Layout_Plus\library\WCON100T.llb
Thu Nov 20 16:28:48 Loaded file C:\OrCAD\OrCAD_16.0\tools\Layout_Plus\library\XT.llb
Thu Nov 20 16:28:48 Loaded file C:\OrCAD\OrCAD_16.0\tools\Layout_Plus\library\ZIGZAG.llb
Thu Nov 20 16:28:49 Saved as file F:\ROHITH\ORCAD SCHEMATICS\SCHEMATIC-1.MAX
Thu Nov 20 16:28:49 Loaded file F:\ROHITH\ORCAD SCHEMATICS\SCHEMATIC-1.MAX
Thu Nov 20 16:29:06 Saved as file ~undo.max
Thu Nov 20 16:29:09 Saved as file ~undo.max
Thu Nov 20 16:30:44 Saved as file BACKUP1.MAX
Thu Nov 20 16:30:44 Saved as file F:\ROHITH\ORCAD SCHEMATICS\SCHEMATIC-1.MAX
Thu Nov 20 16:30:49 UserDiv from Layout.INI for AutoECO: 60
Thu Nov 20 16:30:49 Loaded file F:\ROHITH\ORCAD SCHEMATICS\SCHEMATIC-1.MAX
Thu Nov 20 16:30:49 Loaded file E:\LIBRARIES\LIBRARY\LAYOUT_LIB\DDPACK.LLB
Thu Nov 20 16:30:49 Loaded file E:\LIBRARIES\LIBRARY\LAYOUT_LIB\DOUBLE.LLB
Thu Nov 20 16:30:49 Loaded file E:\LIBRARIES\LIBRARY\LAYOUT_LIB\EAGLESH.LLB
Thu Nov 20 16:30:49 Loaded file E:\LIBRARIES\LIBRARY\LAYOUT_LIB\EUROCARD.LLB
Thu Nov 20 16:30:49 Loaded file E:\LIBRARIES\LIBRARY\LAYOUT_LIB\LAYOUT.LLB
Thu Nov 20 16:30:49 Loaded file E:\LIBRARIES\LIBRARY\LAYOUT_LIB\LAYOUT1.LLB
Thu Nov 20 16:30:49 Loaded file E:\LIBRARIES\LIBRARY\LAYOUT_LIB\LIB.LLB
Thu Nov 20 16:30:49 Loaded file E:\LIBRARIES\LIBRARY\LAYOUT_LIB\LIBR.LLB
Thu Nov 20 16:30:49 Loaded file E:\LIBRARIES\LIBRARY\LAYOUT_LIB\MAG.LLB
Thu Nov 20 16:30:49 Loaded file E:\LIBRARIES\LIBRARY\LAYOUT_LIB\MBOAD.LLB
Thu Nov 20 16:30:49 Loaded file E:\LIBRARIES\LIBRARY\LAYOUT_LIB\MISCELLANEOUS.LLB
Thu Nov 20 16:30:49 Loaded file E:\LIBRARIES\LIBRARY\LAYOUT_LIB\MOLEX 1.25MM.LLB
Thu Nov 20 16:30:49 Loaded file E:\LIBRARIES\LIBRARY\LAYOUT_LIB\MY_LIB_CON_MOLEX.LLB
Thu Nov 20 16:30:49 Loaded file E:\LIBRARIES\LIBRARY\LAYOUT_LIB\MY_LIB_CON_RF.LLB
Thu Nov 20 16:30:49 Loaded file E:\LIBRARIES\LIBRARY\LAYOUT_LIB\MY_LIB_CON_SAMTEC.LLB
Thu Nov 20 16:30:49 Loaded file E:\LIBRARIES\LIBRARY\LAYOUT_LIB\MY_LIB_RELAY.LLB
Thu Nov 20 16:30:49 Loaded file E:\LIBRARIES\LIBRARY\LAYOUT_LIB\MY_LIB_SM_MOD.LLB
Thu Nov 20 16:30:49 Loaded file E:\LIBRARIES\LIBRARY\LAYOUT_LIB\MY_LIB_TM_MOD.LLB
Thu Nov 20 16:30:49 Loaded file E:\LIBRARIES\LIBRARY\LAYOUT_LIB\MY_LIB_TO.LLB
Thu Nov 20 16:30:49 Loaded file E:\LIBRARIES\LIBRARY\LAYOUT_LIB\POWERINT_COMP.LLB
Thu Nov 20 16:30:49 Loaded file E:\LIBRARIES\LIBRARY\LAYOUT_LIB\QFN.LLB
Thu Nov 20 16:30:49 Loaded file E:\LIBRARIES\LIBRARY\LAYOUT_LIB\RO.LLB
Thu Nov 20 16:30:49 Loaded file E:\LIBRARIES\LIBRARY\LAYOUT_LIB\ROHITH.LLB
Thu Nov 20 16:30:49 Loaded file E:\LIBRARIES\LIBRARY\LAYOUT_LIB\ROHITH1.LLB
Thu Nov 20 16:30:49 Loaded file E:\LIBRARIES\LIBRARY\LAYOUT_LIB\SHERIEF.LLB
Thu Nov 20 16:30:49 Loaded file E:\LIBRARIES\LIBRARY\LAYOUT_LIB\SINGLE.LLB
Thu Nov 20 16:30:49 Loaded file E:\LIBRARIES\LIBRARY\LAYOUT_LIB\SM.LLB
Thu Nov 20 16:30:49 Loaded file E:\LIBRARIES\LIBRARY\LAYOUT_LIB\SMART.LLB
Thu Nov 20 16:30:49 Loaded file E:\LIBRARIES\LIBRARY\LAYOUT_LIB\SOG.LLB
Thu Nov 20 16:30:49 Loaded file E:\LIBRARIES\LIBRARY\LAYOUT_LIB\SOJ.LLB
Thu Nov 20 16:30:49 Loaded file E:\LIBRARIES\LIBRARY\LAYOUT_LIB\SPEED.LLB
Thu Nov 20 16:30:49 Loaded file E:\LIBRARIES\LIBRARY\LAYOUT_LIB\SPEED1.LLB
Thu Nov 20 16:30:49 Loaded file E:\LIBRARIES\LIBRARY\LAYOUT_LIB\THU VIEN LAYOUT 1-1-2007.LLB
Thu Nov 20 16:30:49 Loaded file E:\LIBRARIES\LIBRARY\LAYOUT_LIB\UR2.LLB
Thu Nov 20 16:30:49 Loaded file E:\LIBRARIES\LIBRARY\LAYOUT_LIB\USB.LLB
Thu Nov 20 16:30:49 Loaded file C:\OrCAD\OrCAD_16.0\tools\Layout_Plus\library\BCON100T.llb
Thu Nov 20 16:30:49 Loaded file C:\OrCAD\OrCAD_16.0\tools\Layout_Plus\library\BCON156T.llb
Thu Nov 20 16:30:49 Loaded file C:\OrCAD\OrCAD_16.0\tools\Layout_Plus\library\BGA.llb
Thu Nov 20 16:30:49 Loaded file C:\OrCAD\OrCAD_16.0\tools\Layout_Plus\library\CLCC.llb
Thu Nov 20 16:30:49 Loaded file C:\OrCAD\OrCAD_16.0\tools\Layout_Plus\library\DCON050T.llb
Thu Nov 20 16:30:49 Loaded file C:\OrCAD\OrCAD_16.0\tools\Layout_Plus\library\DCON085T.llb
Thu Nov 20 16:30:49 Loaded file C:\OrCAD\OrCAD_16.0\tools\Layout_Plus\library\DIMM050F.llb
Thu Nov 20 16:30:49 Loaded file C:\OrCAD\OrCAD_16.0\tools\Layout_Plus\library\DIMM050T.llb
Thu Nov 20 16:30:49 Loaded file C:\OrCAD\OrCAD_16.0\tools\Layout_Plus\library\DIN.llb
Thu Nov 20 16:30:49 Loaded file C:\OrCAD\OrCAD_16.0\tools\Layout_Plus\library\DIP100B.llb
Thu Nov 20 16:30:49 Loaded file C:\OrCAD\OrCAD_16.0\tools\Layout_Plus\library\DIP100T.llb
Thu Nov 20 16:30:49 Loaded file C:\OrCAD\OrCAD_16.0\tools\Layout_Plus\library\DSUBT.llb
Thu Nov 20 16:30:49 Loaded file C:\OrCAD\OrCAD_16.0\tools\Layout_Plus\library\DSUBT_HD.LLB
Thu Nov 20 16:30:49 Loaded file C:\OrCAD\OrCAD_16.0\tools\Layout_Plus\library\ECON100T.llb
Thu Nov 20 16:30:49 Loaded file C:\OrCAD\OrCAD_16.0\tools\Layout_Plus\library\FBUS.llb
Thu Nov 20 16:30:49 Loaded file C:\OrCAD\OrCAD_16.0\tools\Layout_Plus\library\ISA.llb
Thu Nov 20 16:30:49 Loaded file C:\OrCAD\OrCAD_16.0\tools\Layout_Plus\library\JUMPER.LLB
Thu Nov 20 16:30:49 Loaded file C:\OrCAD\OrCAD_16.0\tools\Layout_Plus\library\LAYOUT.llb
Thu Nov 20 16:30:49 Loaded file C:\OrCAD\OrCAD_16.0\tools\Layout_Plus\library\LCON100T.llb
Thu Nov 20 16:30:49 Loaded file C:\OrCAD\OrCAD_16.0\tools\Layout_Plus\library\PC104.llb
Thu Nov 20 16:30:49 Loaded file C:\OrCAD\OrCAD_16.0\tools\Layout_Plus\library\PCI.llb
Thu Nov 20 16:30:49 Loaded file C:\OrCAD\OrCAD_16.0\tools\Layout_Plus\library\PCON100T.llb
Thu Nov 20 16:30:49 Loaded file C:\OrCAD\OrCAD_16.0\tools\Layout_Plus\library\PCON156T.llb
Thu Nov 20 16:30:49 Loaded file C:\OrCAD\OrCAD_16.0\tools\Layout_Plus\library\PGA.llb
Thu Nov 20 16:30:49 Loaded file C:\OrCAD\OrCAD_16.0\tools\Layout_Plus\library\PLCC.llb
Thu Nov 20 16:30:49 Loaded file C:\OrCAD\OrCAD_16.0\tools\Layout_Plus\library\QUAD.llb
Thu Nov 20 16:30:49 Loaded file C:\OrCAD\OrCAD_16.0\tools\Layout_Plus\library\QUADB.llb
Thu Nov 20 16:30:50 Loaded file C:\OrCAD\OrCAD_16.0\tools\Layout_Plus\library\RELAY.llb
Thu Nov 20 16:30:50 Loaded file C:\OrCAD\OrCAD_16.0\tools\Layout_Plus\library\RF.llb
Thu Nov 20 16:30:50 Loaded file C:\OrCAD\OrCAD_16.0\tools\Layout_Plus\library\SBUS.llb
Thu Nov 20 16:30:50 Loaded file C:\OrCAD\OrCAD_16.0\tools\Layout_Plus\library\SIMM050F.llb
Thu Nov 20 16:30:50 Loaded file C:\OrCAD\OrCAD_16.0\tools\Layout_Plus\library\SIMM050T.llb
Thu Nov 20 16:30:50 Loaded file C:\OrCAD\OrCAD_16.0\tools\Layout_Plus\library\SIMM100F.llb
Thu Nov 20 16:30:50 Loaded file C:\OrCAD\OrCAD_16.0\tools\Layout_Plus\library\SIMM100T.llb
Thu Nov 20 16:30:50 Loaded file C:\OrCAD\OrCAD_16.0\tools\Layout_Plus\library\SIP.llb
Thu Nov 20 16:30:50 Loaded file C:\OrCAD\OrCAD_16.0\tools\Layout_Plus\library\SM.llb
Thu Nov 20 16:30:50 Loaded file C:\OrCAD\OrCAD_16.0\tools\Layout_Plus\library\SOG.llb
Thu Nov 20 16:30:50 Loaded file C:\OrCAD\OrCAD_16.0\tools\Layout_Plus\library\SOJ.llb
Thu Nov 20 16:30:50 Loaded file C:\OrCAD\OrCAD_16.0\tools\Layout_Plus\library\STIFF.llb
Thu Nov 20 16:30:50 Loaded file C:\OrCAD\OrCAD_16.0\tools\Layout_Plus\library\TELE.llb
Thu Nov 20 16:30:50 Loaded file C:\OrCAD\OrCAD_16.0\tools\Layout_Plus\library\TM_AXIAL.llb
Thu Nov 20 16:30:50 Loaded file C:\OrCAD\OrCAD_16.0\tools\Layout_Plus\library\TM_CAP_P.llb
Thu Nov 20 16:30:50 Loaded file C:\OrCAD\OrCAD_16.0\tools\Layout_Plus\library\TM_CYLND.llb
Thu Nov 20 16:30:50 Loaded file C:\OrCAD\OrCAD_16.0\tools\Layout_Plus\library\TM_DIODE.llb
Thu Nov 20 16:30:50 Loaded file C:\OrCAD\OrCAD_16.0\tools\Layout_Plus\library\TM_DISC.llb
Thu Nov 20 16:30:50 Loaded file C:\OrCAD\OrCAD_16.0\tools\Layout_Plus\library\TM_RAD.llb
Thu Nov 20 16:30:50 Loaded file C:\OrCAD\OrCAD_16.0\tools\Layout_Plus\library\TO.llb
Thu Nov 20 16:30:50 Loaded file C:\OrCAD\OrCAD_16.0\tools\Layout_Plus\library\TRAINING.LLB
Thu Nov 20 16:30:50 Loaded file C:\OrCAD\OrCAD_16.0\tools\Layout_Plus\library\VRES.llb
Thu Nov 20 16:30:50 Loaded file C:\OrCAD\OrCAD_16.0\tools\Layout_Plus\library\WCON100T.llb
Thu Nov 20 16:30:50 Loaded file C:\OrCAD\OrCAD_16.0\tools\Layout_Plus\library\XT.llb
Thu Nov 20 16:30:50 Loaded file C:\OrCAD\OrCAD_16.0\tools\Layout_Plus\library\ZIGZAG.llb
Thu Nov 20 16:30:51 Saved as file F:\ROHITH\ORCAD SCHEMATICS\SCHEMATIC-1.MAX
Thu Nov 20 16:30:51 Loaded file F:\ROHITH\ORCAD SCHEMATICS\SCHEMATIC-1.MAX
Thu Nov 20 16:31:12 Saved as file BACKUP1.MAX
Thu Nov 20 16:31:12 No new connections routed.
Thu Nov 20 16:31:12 Total is now 0 out of 43 (0%).
Thu Nov 20 16:31:12 Saved as file SWEEP1.MAX
Thu Nov 20 16:31:14 Saved as file BACKUP1.MAX
Thu Nov 20 16:31:14 Routed 26 connections in 1 seconds.
Thu Nov 20 16:31:14 Total is now 26 out of 43 (60%).
Thu Nov 20 16:31:14 Saved as file SWEEP2.MAX
Thu Nov 20 16:31:19 Routed 3 connections in 5 seconds.
Thu Nov 20 16:31:19 Total is now 29 out of 43 (67%).
Thu Nov 20 16:31:19 Saved as file SWEEP3.MAX
Thu Nov 20 16:31:30 Routed 6 connections in 11 seconds.
Thu Nov 20 16:31:30 Total is now 29 out of 43 (67%).
Thu Nov 20 16:31:30 Saved as file SWEEP4.MAX
Thu Nov 20 16:31:40 Routed 5 connections in 10 seconds.
Thu Nov 20 16:31:40 Total is now 30 out of 43 (69%).
Thu Nov 20 16:31:40 Saved as file SWEEP5.MAX
Thu Nov 20 16:33:24 Saved as file BACKUP1.MAX
Thu Nov 20 16:34:44 Saved as file F:\ROHITH\ORCAD SCHEMATICS\SCHEMATIC-1.MAX
Thu Nov 20 16:34:45 Saved as file F:\ROHITH\ORCAD SCHEMATICS\SCHEMATIC-1.MAX
Thu Nov 20 16:34:45 Saved as file F:\ROHITH\ORCAD SCHEMATICS\SCHEMATIC-1.MAX
Thu Nov 20 16:34:45 Saved as file F:\ROHITH\ORCAD SCHEMATICS\SCHEMATIC-1.MAX
Thu Nov 20 16:34:45 Saved as file F:\ROHITH\ORCAD SCHEMATICS\SCHEMATIC-1.MAX
Thu Nov 20 16:35:42 Saved as file F:\ROHITH\ORCAD SCHEMATICS\SCHEMATIC-1.MAX
Thu Nov 20 16:35:42 Saved as file F:\ROHITH\ORCAD SCHEMATICS\SCHEMATIC-1.MAX
Thu Nov 20 16:35:42 Saved as file F:\ROHITH\ORCAD SCHEMATICS\SCHEMATIC-1.MAX
Thu Nov 20 16:37:22 Saved as file ~undo.max
Thu Nov 20 16:37:23 Saved as file ~undo.max
Thu Nov 20 16:38:05 Saved as file ~undo.max
Thu Nov 20 16:38:09 Saved as file ~undo.max
Thu Nov 20 16:39:32 Saved as file ~undo.max
Thu Nov 20 16:43:24 Saved as file BACKUP1.MAX
Thu Nov 20 16:50:08 Saved as file ~undo.max
Thu Nov 20 16:50:10 Saved as file ~undo.max
Thu Nov 20 16:50:11 Saved as file ~undo.max
Thu Nov 20 16:50:13 Saved as file ~undo.max
Thu Nov 20 16:51:13 Saved as file ~undo.max
Thu Nov 20 16:51:16 Saved as file ~undo.max
Thu Nov 20 16:51:17 Saved as file ~undo.max
Thu Nov 20 16:51:19 Saved as file ~undo.max
Thu Nov 20 16:51:23 Saved as file ~undo.max
Thu Nov 20 16:51:25 Saved as file ~undo.max
Thu Nov 20 16:51:27 Saved as file ~undo.max
Thu Nov 20 16:51:29 Saved as file ~undo.max
Thu Nov 20 16:51:32 Saved as file ~undo.max
Thu Nov 20 16:51:32 Saved as file F:\ROHITH\ORCAD SCHEMATICS\SCHEMATIC-1.MAX
Thu Nov 20 16:51:33 Saved as file F:\ROHITH\ORCAD SCHEMATICS\SCHEMATIC-1.MAX
Thu Nov 20 16:51:33 Saved as file F:\ROHITH\ORCAD SCHEMATICS\SCHEMATIC-1.MAX
Thu Nov 20 16:52:14 Saved as file ~undo.max
Thu Nov 20 16:52:15 Saved as file ~undo.max
Thu Nov 20 16:52:17 Saved as file ~undo.max
Thu Nov 20 16:52:22 Saved as file ~undo.max
Thu Nov 20 16:52:24 Saved as file ~undo.max
Thu Nov 20 16:52:26 Saved as file ~undo.max
Thu Nov 20 16:52:44 Saved as file ~undo.max
Thu Nov 20 16:52:46 Saved as file ~undo.max
Thu Nov 20 16:52:49 Saved as file ~undo.max
Thu Nov 20 16:52:52 Saved as file ~undo.max
Thu Nov 20 16:52:54 Saved as file ~undo.max
Thu Nov 20 16:52:55 Saved as file ~undo.max
Thu Nov 20 16:52:57 Saved as file ~undo.max
Thu Nov 20 16:52:58 Saved as file ~undo.max
Thu Nov 20 16:53:00 Saved as file ~undo.max
Thu Nov 20 16:53:02 Saved as file ~undo.max
Thu Nov 20 16:53:03 Saved as file ~undo.max
Thu Nov 20 16:53:05 Saved as file ~undo.max
Thu Nov 20 16:53:07 Saved as file ~undo.max
Thu Nov 20 16:53:09 Saved as file ~undo.max
Thu Nov 20 16:53:11 Saved as file ~undo.max
Thu Nov 20 16:53:12 Saved as file ~undo.max
Thu Nov 20 16:53:16 Saved as file ~undo.max
Thu Nov 20 16:53:18 Saved as file ~undo.max
Thu Nov 20 16:53:20 Saved as file ~undo.max
Thu Nov 20 16:53:21 Saved as file ~undo.max
Thu Nov 20 16:53:25 Saved as file BACKUP1.MAX
Thu Nov 20 16:54:12 Saved as file ~undo.max
Thu Nov 20 16:54:14 Saved as file ~undo.max
Thu Nov 20 16:54:16 Saved as file ~undo.max
Thu Nov 20 16:57:56 Saved as file ~undo.max
Thu Nov 20 16:58:02 Saved as file ~undo.max
Thu Nov 20 16:58:10 Saved as file ~undo.max
Thu Nov 20 16:58:11 Saved as file ~undo.max
Thu Nov 20 16:58:15 Saved as file ~undo.max
Thu Nov 20 16:58:16 Saved as file ~undo.max
Thu Nov 20 16:58:21 Saved as file ~undo.max
Thu Nov 20 16:58:26 Saved as file ~undo.max
Thu Nov 20 16:58:31 Saved as file ~undo.max
Thu Nov 20 16:58:35 Saved as file ~undo.max
Thu Nov 20 16:58:39 Saved as file ~undo.max
Thu Nov 20 17:01:27 Saved as file F:\ROHITH\ORCAD SCHEMATICS\SCHEMATIC-1.MAX
Thu Nov 20 17:01:27 Saved as file F:\ROHITH\ORCAD SCHEMATICS\SCHEMATIC-1.MAX
Thu Nov 20 17:01:27 Saved as file F:\ROHITH\ORCAD SCHEMATICS\SCHEMATIC-1.MAX
Thu Nov 20 17:01:27 Saved as file F:\ROHITH\ORCAD SCHEMATICS\SCHEMATIC-1.MAX
Thu Nov 20 17:02:24 Saved as file F:\ROHITH\ORCAD SCHEMATICS\SCHEMATIC-1.MAX
Thu Nov 20 17:02:25 Saved as file F:\ROHITH\ORCAD SCHEMATICS\SCHEMATIC-1.MAX
Thu Nov 20 17:02:25 Saved as file F:\ROHITH\ORCAD SCHEMATICS\SCHEMATIC-1.MAX
Thu Nov 20 17:03:55 Saved as file BACKUP1.MAX
Thu Nov 20 17:04:15 Saved as file F:\ROHITH\ORCAD SCHEMATICS\SCHEMATIC-1.MAX
Fri Nov 21 10:59:53 Saved as file BACKUP1.MAX
Fri Nov 21 11:09:53 Saved as file BACKUP1.MAX
Fri Nov 21 11:19:54 Saved as file BACKUP1.MAX
Fri Nov 21 11:39:14 Saved as file BACKUP1.MAX
Fri Nov 21 11:39:53 Saved as file F:\ROHITH\ORCAD SCHEMATICS\SCHEMATIC-1.MAX
Fri Nov 21 11:49:14 Saved as file BACKUP1.MAX
Fri Nov 21 11:59:15 Saved as file BACKUP1.MAX
Fri Nov 21 14:55:17 Loaded file C:\OrCAD\OrCAD_16.0\tools\Layout_Eng_Ed\data\template.imp
Fri Nov 21 14:55:17 Loaded file C:\OrCAD\OrCAD_16.0\tools\Layout_Eng_Ed\data\template.imp
Fri Nov 21 14:55:17 Loaded file C:\OrCAD\OrCAD_16.0\tools\Layout_Eng_Ed\data\template.imp
Fri Nov 21 14:55:17 Loaded file C:\OrCAD\OrCAD_16.0\tools\Layout_Eng_Ed\data\template.imp
Fri Nov 21 14:55:21 Loaded file C:\OrCAD\OrCAD_16.0\tools\Layout_Eng_Ed\data\template.imp
Fri Nov 21 14:55:21 Loaded file C:\OrCAD\OrCAD_16.0\tools\Layout_Eng_Ed\data\template.imp
Fri Nov 21 14:55:21 Loaded file C:\OrCAD\OrCAD_16.0\tools\Layout_Eng_Ed\data\template.imp
Fri Nov 21 14:55:21 Loaded file C:\OrCAD\OrCAD_16.0\tools\Layout_Eng_Ed\data\template.imp
Fri Nov 21 14:55:21 Loaded file E:\LIBRARIES\LIBRARY\LAYOUT_LIB\EUROCARD.LLB
Fri Nov 21 14:55:22 Loaded file C:\OrCAD\OrCAD_16.0\tools\Layout_Eng_Ed\library\ECON100T.llb
Fri Nov 21 14:55:22 Loaded file C:\OrCAD\OrCAD_16.0\tools\Layout_Eng_Ed\library\RELAY.llb
Fri Nov 21 14:55:22 Loaded file C:\OrCAD\OrCAD_16.0\tools\Layout_Eng_Ed\library\RF.llb
Fri Nov 21 14:55:23 Loaded file E:\LIBRARIES\LIBRARY\LAYOUT_LIB\RO.LLB
Fri Nov 21 14:55:23 Loaded file E:\LIBRARIES\LIBRARY\LAYOUT_LIB\ROHITH.LLB
Fri Nov 21 14:55:25 Loaded file E:\LIBRARIES\LAYOUT LIBRARY\LIBRARY.LLB
Fri Nov 21 14:55:25 Loaded file C:\OrCAD\OrCAD_16.0\tools\Layout_Eng_Ed\library\DCON050T.llb
Fri Nov 21 14:55:29 Loaded file C:\OrCAD\OrCAD_16.0\tools\Layout_Eng_Ed\library\RELAY.llb
Fri Nov 21 14:55:29 Loaded file C:\OrCAD\OrCAD_16.0\tools\Layout_Eng_Ed\library\RF.llb
Fri Nov 21 14:55:29 Loaded file E:\LIBRARIES\LIBRARY\LAYOUT_LIB\RO.LLB
Fri Nov 21 14:55:29 Loaded file E:\LIBRARIES\LIBRARY\LAYOUT_LIB\ROHITH.LLB
Fri Nov 21 14:55:36 Loaded file E:\LIBRARIES\LIBRARY\LAYOUT_LIB\SHERIEF.LLB
Fri Nov 21 14:55:37 Loaded file E:\LIBRARIES\LIBRARY\LAYOUT_LIB\ROHITH1.LLB
Fri Nov 21 14:55:40 Loaded file E:\LIBRARIES\LIBRARY\LAYOUT_LIB\SINGLE.LLB
Fri Nov 21 14:55:41 Loaded file E:\LIBRARIES\LIBRARY\LAYOUT_LIB\SMART.LLB
Fri Nov 21 14:55:45 Loaded file C:\OrCAD\OrCAD_16.0\tools\Layout_Eng_Ed\data\template.imp
Fri Nov 21 14:55:54 Saved as file ~undo.max
Fri Nov 21 14:56:16 Loaded file C:\OrCAD\OrCAD_16.0\tools\Layout_Eng_Ed\data\template.imp
Fri Nov 21 14:56:16 Loaded file C:\OrCAD\OrCAD_16.0\tools\Layout_Eng_Ed\data\template.imp
Fri Nov 21 14:56:16 Loaded file C:\OrCAD\OrCAD_16.0\tools\Layout_Eng_Ed\data\template.imp
Fri Nov 21 14:56:16 Loaded file C:\OrCAD\OrCAD_16.0\tools\Layout_Eng_Ed\data\template.imp
Fri Nov 21 14:56:17 Loaded file E:\LIBRARIES\LIBRARY\LAYOUT_LIB\DOUBLE.LLB
Fri Nov 21 14:56:17 Loaded file E:\LIBRARIES\LIBRARY\LAYOUT_LIB\SHERIEF.LLB
Fri Nov 21 14:56:20 Loaded file E:\LIBRARIES\LIBRARY\LAYOUT_LIB\SINGLE.LLB
Fri Nov 21 14:56:20 Loaded file E:\LIBRARIES\LIBRARY\LAYOUT_LIB\MAG.LLB
Fri Nov 21 14:56:21 Loaded file E:\LIBRARIES\LIBRARY\LAYOUT_LIB\SHERIEF.LLB
Fri Nov 21 14:56:23 Loaded file E:\LIBRARIES\LIBRARY\LAYOUT_LIB\SMART.LLB
Fri Nov 21 14:56:28 Loaded file C:\OrCAD\OrCAD_16.0\tools\Layout_Eng_Ed\data\template.imp
Fri Nov 21 14:56:28 Loaded file C:\OrCAD\OrCAD_16.0\tools\Layout_Eng_Ed\data\template.imp
Fri Nov 21 14:56:30 Loaded file C:\OrCAD\OrCAD_16.0\tools\Layout_Eng_Ed\data\template.imp
Fri Nov 21 14:56:31 Loaded file C:\OrCAD\OrCAD_16.0\tools\Layout_Eng_Ed\data\template.imp
Fri Nov 21 14:56:32 Loaded file C:\OrCAD\OrCAD_16.0\tools\Layout_Eng_Ed\data\template.imp
Fri Nov 21 14:56:33 Loaded file C:\OrCAD\OrCAD_16.0\tools\Layout_Eng_Ed\data\template.imp
Fri Nov 21 14:56:34 Loaded file C:\OrCAD\OrCAD_16.0\tools\Layout_Eng_Ed\data\template.imp
Fri Nov 21 14:56:34 Loaded file C:\OrCAD\OrCAD_16.0\tools\Layout_Eng_Ed\data\template.imp
Fri Nov 21 14:56:35 Loaded file C:\OrCAD\OrCAD_16.0\tools\Layout_Eng_Ed\data\template.imp
Fri Nov 21 14:56:36 Loaded file C:\OrCAD\OrCAD_16.0\tools\Layout_Eng_Ed\data\template.imp
Fri Nov 21 14:56:45 Saved as file ~undo.max
Fri Nov 21 14:56:51 Saved as file ~undo.max
Fri Nov 21 14:57:17 Saved as file ~undo.max
Fri Nov 21 14:57:18 Loaded file C:\OrCAD\OrCAD_16.0\tools\Layout_Eng_Ed\data\template.imp
Fri Nov 21 14:57:18 Loaded file C:\OrCAD\OrCAD_16.0\tools\Layout_Eng_Ed\data\template.imp
Fri Nov 21 14:57:18 Loaded file C:\OrCAD\OrCAD_16.0\tools\Layout_Eng_Ed\data\template.imp
Fri Nov 21 14:57:18 Loaded file C:\OrCAD\OrCAD_16.0\tools\Layout_Eng_Ed\data\template.imp
Fri Nov 21 14:57:19 Loaded file E:\LIBRARIES\LIBRARY\LAYOUT_LIB\EUROCARD.LLB
Fri Nov 21 14:57:20 Loaded file E:\LIBRARIES\LIBRARY\LAYOUT_LIB\SHERIEF.LLB
Fri Nov 21 14:57:20 Loaded file E:\LIBRARIES\LIBRARY\LAYOUT_LIB\SINGLE.LLB
Fri Nov 21 14:57:20 Loaded file E:\LIBRARIES\LIBRARY\LAYOUT_LIB\SM.LLB
Fri Nov 21 14:57:21 Loaded file E:\LIBRARIES\LIBRARY\LAYOUT_LIB\SMART.LLB
Fri Nov 21 14:57:24 Loaded file C:\OrCAD\OrCAD_16.0\tools\Layout_Eng_Ed\data\template.imp
Fri Nov 21 14:57:33 Saved as file ~undo.max
Fri Nov 21 14:57:35 Loaded file C:\OrCAD\OrCAD_16.0\tools\Layout_Eng_Ed\data\template.imp
Fri Nov 21 14:57:35 Loaded file C:\OrCAD\OrCAD_16.0\tools\Layout_Eng_Ed\data\template.imp
Fri Nov 21 14:57:35 Loaded file C:\OrCAD\OrCAD_16.0\tools\Layout_Eng_Ed\data\template.imp
Fri Nov 21 14:57:35 Loaded file C:\OrCAD\OrCAD_16.0\tools\Layout_Eng_Ed\data\template.imp
Fri Nov 21 14:57:35 Loaded file E:\LIBRARIES\LIBRARY\LAYOUT_LIB\EUROCARD.LLB
Fri Nov 21 14:57:36 Loaded file E:\LIBRARIES\LIBRARY\LAYOUT_LIB\SHERIEF.LLB
Fri Nov 21 14:57:37 Loaded file E:\LIBRARIES\LIBRARY\LAYOUT_LIB\SINGLE.LLB
Fri Nov 21 14:57:37 Loaded file E:\LIBRARIES\LIBRARY\LAYOUT_LIB\SM.LLB
Fri Nov 21 14:57:37 Loaded file E:\LIBRARIES\LIBRARY\LAYOUT_LIB\SMART.LLB
Fri Nov 21 14:57:41 Loaded file C:\OrCAD\OrCAD_16.0\tools\Layout_Eng_Ed\data\template.imp
Fri Nov 21 14:57:41 Loaded file C:\OrCAD\OrCAD_16.0\tools\Layout_Eng_Ed\data\template.imp
Fri Nov 21 14:57:47 Saved as file ~undo.max
Fri Nov 21 14:57:48 Loaded file C:\OrCAD\OrCAD_16.0\tools\Layout_Eng_Ed\data\template.imp
Fri Nov 21 14:57:48 Loaded file C:\OrCAD\OrCAD_16.0\tools\Layout_Eng_Ed\data\template.imp
Fri Nov 21 14:57:49 Loaded file C:\OrCAD\OrCAD_16.0\tools\Layout_Eng_Ed\data\template.imp
Fri Nov 21 14:57:49 Loaded file C:\OrCAD\OrCAD_16.0\tools\Layout_Eng_Ed\data\template.imp
Fri Nov 21 14:57:49 Loaded file E:\LIBRARIES\LIBRARY\LAYOUT_LIB\DDPACK.LLB
Fri Nov 21 14:57:49 Loaded file E:\LIBRARIES\LIBRARY\LAYOUT_LIB\SHERIEF.LLB
Fri Nov 21 14:57:49 Loaded file E:\LIBRARIES\LIBRARY\LAYOUT_LIB\SINGLE.LLB
Fri Nov 21 14:57:50 Loaded file E:\LIBRARIES\LIBRARY\LAYOUT_LIB\SM.LLB
Fri Nov 21 14:57:50 Loaded file E:\LIBRARIES\LIBRARY\LAYOUT_LIB\SMART.LLB
Fri Nov 21 14:57:53 Loaded file C:\OrCAD\OrCAD_16.0\tools\Layout_Eng_Ed\data\template.imp
Fri Nov 21 14:57:58 Saved as file ~undo.max
Fri Nov 21 14:58:03 Saved as file ~undo.max
Fri Nov 21 14:58:06 Saved as file ~undo.max
Fri Nov 21 14:58:09 Saved as file ~undo.max
Fri Nov 21 14:58:11 Saved as file ~undo.max
Fri Nov 21 14:58:23 Saved as file ~undo.max
Fri Nov 21 14:58:25 Saved as file ~undo.max
Fri Nov 21 14:58:27 Saved as file ~undo.max
Fri Nov 21 14:58:29 Saved as file ~undo.max
Fri Nov 21 14:58:34 Saved as file ~undo.max
Fri Nov 21 14:58:36 Saved as file ~undo.max
Fri Nov 21 14:58:40 Saved as file ~undo.max
Fri Nov 21 14:58:47 Saved as file ~undo.max
Fri Nov 21 14:58:50 Saved as file ~undo.max
Fri Nov 21 14:58:52 Saved as file ~undo.max
Fri Nov 21 14:58:54 Saved as file ~undo.max
Fri Nov 21 14:58:56 Saved as file ~undo.max
Fri Nov 21 14:59:00 Saved as file ~undo.max
Fri Nov 21 14:59:01 Saved as file ~undo.max
Fri Nov 21 14:59:04 Saved as file ~undo.max
Fri Nov 21 14:59:06 Saved as file ~undo.max
Fri Nov 21 14:59:08 Saved as file ~undo.max
Fri Nov 21 14:59:09 Saved as file ~undo.max
Fri Nov 21 14:59:29 Saved as file ~undo.max
Fri Nov 21 14:59:30 Saved as file ~undo.max
Fri Nov 21 14:59:32 Saved as file ~undo.max
Fri Nov 21 14:59:37 Saved as file ~undo.max
Fri Nov 21 14:59:40 Saved as file ~undo.max
Fri Nov 21 14:59:44 Saved as file ~undo.max
Fri Nov 21 14:59:46 Saved as file ~undo.max
Fri Nov 21 14:59:50 Saved as file ~undo.max
Fri Nov 21 14:59:52 Saved as file F:\ROHITH\ORCAD SCHEMATICS\SCHEMATIC-1.MAX
Fri Nov 21 14:59:52 Saved as file F:\ROHITH\ORCAD SCHEMATICS\SCHEMATIC-1.MAX
Fri Nov 21 14:59:52 Saved as file F:\ROHITH\ORCAD SCHEMATICS\SCHEMATIC-1.MAX
Fri Nov 21 14:59:52 Saved as file F:\ROHITH\ORCAD SCHEMATICS\SCHEMATIC-1.MAX
Fri Nov 21 14:59:53 Saved as file F:\ROHITH\ORCAD SCHEMATICS\SCHEMATIC-1.MAX
Fri Nov 21 14:59:53 Saved as file F:\ROHITH\ORCAD SCHEMATICS\SCHEMATIC-1.MAX
Fri Nov 21 14:59:53 Saved as file F:\ROHITH\ORCAD SCHEMATICS\SCHEMATIC-1.MAX
Fri Nov 21 15:00:53 Saved as file ~undo.max
Fri Nov 21 15:00:58 Saved as file ~undo.max
Fri Nov 21 15:01:11 Saved as file ~undo.max
Fri Nov 21 15:01:11 Saved as file F:\ROHITH\ORCAD SCHEMATICS\SCHEMATIC-1.MAX
Fri Nov 21 15:01:12 Saved as file F:\ROHITH\ORCAD SCHEMATICS\SCHEMATIC-1.MAX
Fri Nov 21 15:02:52 Saved as file ~undo.max
Fri Nov 21 15:02:54 Saved as file ~undo.max
Fri Nov 21 15:02:58 Saved as file ~undo.max
Fri Nov 21 15:03:00 Saved as file ~undo.max
Fri Nov 21 15:03:04 Saved as file ~undo.max
Fri Nov 21 15:03:07 Saved as file ~undo.max
Fri Nov 21 15:03:16 Saved as file ~undo.max
Fri Nov 21 15:03:18 Saved as file ~undo.max
Fri Nov 21 15:03:20 Saved as file ~undo.max
Fri Nov 21 15:03:21 Saved as file ~undo.max
Fri Nov 21 15:03:23 Saved as file ~undo.max
Fri Nov 21 15:03:25 Saved as file ~undo.max
Fri Nov 21 15:03:27 Saved as file ~undo.max
Fri Nov 21 15:03:30 Saved as file ~undo.max
Fri Nov 21 15:03:35 Saved as file ~undo.max
Fri Nov 21 15:03:37 Saved as file ~undo.max
Fri Nov 21 15:03:39 Saved as file ~undo.max
Fri Nov 21 15:03:41 Saved as file ~undo.max
Fri Nov 21 15:03:48 Saved as file ~undo.max
Fri Nov 21 15:03:49 Saved as file F:\ROHITH\ORCAD SCHEMATICS\SCHEMATIC-1.MAX
Fri Nov 21 15:03:49 Saved as file F:\ROHITH\ORCAD SCHEMATICS\SCHEMATIC-1.MAX
Fri Nov 21 15:03:50 Saved as file F:\ROHITH\ORCAD SCHEMATICS\SCHEMATIC-1.MAX
Fri Nov 21 15:03:50 Saved as file F:\ROHITH\ORCAD SCHEMATICS\SCHEMATIC-1.MAX
Fri Nov 21 15:03:50 Saved as file F:\ROHITH\ORCAD SCHEMATICS\SCHEMATIC-1.MAX
Fri Nov 21 15:05:14 Saved as file ~undo.max
Fri Nov 21 15:05:16 Saved as file ~undo.max
Fri Nov 21 15:05:18 Saved as file ~undo.max
Fri Nov 21 15:05:21 Saved as file ~undo.max
Fri Nov 21 15:05:22 Saved as file ~undo.max
Fri Nov 21 15:05:23 Saved as file ~undo.max
Fri Nov 21 15:05:26 Saved as file ~undo.max
Fri Nov 21 15:05:28 Saved as file ~undo.max
Fri Nov 21 15:05:33 Saved as file ~undo.max
Fri Nov 21 15:05:36 Saved as file BACKUP1.MAX
Fri Nov 21 15:06:31 Saved as file ~undo.max
Fri Nov 21 15:06:32 Saved as file ~undo.max
Fri Nov 21 15:07:32 Saved as file F:\ROHITH\ORCAD SCHEMATICS\SCHEMATIC-1.MAX
Fri Nov 21 15:07:32 Saved as file F:\ROHITH\ORCAD SCHEMATICS\SCHEMATIC-1.MAX
Fri Nov 21 15:07:33 Saved as file F:\ROHITH\ORCAD SCHEMATICS\SCHEMATIC-1.MAX
Fri Nov 21 15:11:58 Saved as file ~undo.max
Fri Nov 21 15:11:59 Saved as file ~undo.max
Fri Nov 21 15:16:06 Saved as file BACKUP1.MAX
Fri Nov 21 15:18:30 Saved as file F:\ROHITH\ORCAD SCHEMATICS\SCHEMATIC-1.MAX
Fri Nov 21 15:18:31 Saved as file F:\ROHITH\ORCAD SCHEMATICS\SCHEMATIC-1.MAX
Fri Nov 21 15:18:56 Saved as file F:\ROHITH\ORCAD SCHEMATICS\SCHEMATIC-1.MAX
Fri Nov 21 15:18:57 Saved as file F:\ROHITH\ORCAD SCHEMATICS\SCHEMATIC-1.MAX
Fri Nov 21 15:19:41 Saved as file ~undo.max
Fri Nov 21 15:19:53 Saved as file F:\ROHITH\ORCAD SCHEMATICS\SCHEMATIC-1.MAX
Fri Nov 21 15:19:53 Saved as file F:\ROHITH\ORCAD SCHEMATICS\SCHEMATIC-1.MAX
Fri Nov 21 15:23:56 Saved as file ~undo.max
Fri Nov 21 15:24:30 Saved as file F:\ROHITH\ORCAD SCHEMATICS\SCHEMATIC-1.MAX
Fri Nov 21 15:24:30 Saved as file F:\ROHITH\ORCAD SCHEMATICS\SCHEMATIC-1.MAX
Fri Nov 21 15:24:30 Saved as file F:\ROHITH\ORCAD SCHEMATICS\SCHEMATIC-1.MAX
Fri Nov 21 15:25:36 Saved as file F:\ROHITH\ORCAD SCHEMATICS\SCHEMATIC-1.MAX
Fri Nov 21 15:26:07 Saved as file BACKUP1.MAX
Fri Nov 21 15:27:30 Saved as file F:\ROHITH\ORCAD SCHEMATICS\SCHEMATIC-1.MAX
Fri Nov 21 15:27:31 Saved as file F:\ROHITH\ORCAD SCHEMATICS\SCHEMATIC-1.MAX
Fri Nov 21 15:30:30 Saved as file F:\ROHITH\ORCAD SCHEMATICS\SCHEMATIC-1.MAX
Fri Nov 21 15:30:30 Saved as file F:\ROHITH\ORCAD SCHEMATICS\SCHEMATIC-1.MAX
Fri Nov 21 15:30:31 Saved as file F:\ROHITH\ORCAD SCHEMATICS\SCHEMATIC-1.MAX
Fri Nov 21 15:30:42 Loaded file C:\OrCAD\OrCAD_16.0\tools\Layout_Eng_Ed\data\template.imp
Fri Nov 21 15:30:42 Loaded file C:\OrCAD\OrCAD_16.0\tools\Layout_Eng_Ed\data\template.imp
Fri Nov 21 15:30:42 Loaded file E:\LIBRARIES\LIBRARY\LAYOUT_LIB\DDPACK.LLB
Fri Nov 21 15:30:43 Loaded file E:\LIBRARIES\LIBRARY\LAYOUT_LIB\MAG.LLB
Fri Nov 21 15:30:45 Loaded file E:\LIBRARIES\LIBRARY\LAYOUT_LIB\RO.LLB
Fri Nov 21 15:30:45 Loaded file E:\LIBRARIES\LIBRARY\LAYOUT_LIB\ROHITH.LLB
Fri Nov 21 15:30:45 Loaded file E:\LIBRARIES\LIBRARY\LAYOUT_LIB\ROHITH1.LLB
Fri Nov 21 15:30:48 Loaded file C:\OrCAD\OrCAD_16.0\tools\Layout_Eng_Ed\data\template.imp
Fri Nov 21 15:30:50 Loaded file E:\LIBRARIES\LIBRARY\LAYOUT_LIB\ROHITH.LLB
Fri Nov 21 15:30:51 Loaded file C:\OrCAD\OrCAD_16.0\tools\Layout_Eng_Ed\data\template.imp
Fri Nov 21 15:30:52 Loaded file C:\OrCAD\OrCAD_16.0\tools\Layout_Eng_Ed\data\template.imp
Fri Nov 21 15:31:04 Saved as file ~undo.max
Fri Nov 21 15:31:40 Saved as file F:\ROHITH\ORCAD SCHEMATICS\SCHEMATIC-1.MAX
Fri Nov 21 15:31:40 Saved as file F:\ROHITH\ORCAD SCHEMATICS\SCHEMATIC-1.MAX
Fri Nov 21 15:31:41 Saved as file F:\ROHITH\ORCAD SCHEMATICS\SCHEMATIC-1.MAX
Fri Nov 21 15:32:09 Saved as file F:\ROHITH\ORCAD SCHEMATICS\SCHEMATIC-1.MAX
Fri Nov 21 15:37:07 Saved as file BACKUP1.MAX
Fri Nov 21 15:41:04 Saved as file ~undo.max
Fri Nov 21 15:41:21 Saved as file F:\ROHITH\ORCAD SCHEMATICS\SCHEMATIC-1.MAX
Fri Nov 21 15:41:22 Loaded file C:\OrCAD\OrCAD_16.0\tools\Layout_Eng_Ed\data\template.imp
Fri Nov 21 15:41:22 Loaded file C:\OrCAD\OrCAD_16.0\tools\Layout_Eng_Ed\data\template.imp
Fri Nov 21 15:41:22 Loaded file E:\LIBRARIES\LIBRARY\LAYOUT_LIB\EAGLESH.LLB
Fri Nov 21 15:41:24 Loaded file E:\LIBRARIES\LIBRARY\LAYOUT_LIB\SHERIEF.LLB
Fri Nov 21 15:41:24 Loaded file E:\LIBRARIES\LIBRARY\LAYOUT_LIB\SINGLE.LLB
Fri Nov 21 15:41:25 Loaded file E:\LIBRARIES\LIBRARY\LAYOUT_LIB\SM.LLB
Fri Nov 21 15:41:25 Loaded file E:\LIBRARIES\LIBRARY\LAYOUT_LIB\SMART.LLB
Fri Nov 21 15:41:25 Loaded file E:\LIBRARIES\LIBRARY\LAYOUT_LIB\SOG.LLB
Fri Nov 21 15:41:26 Loaded file E:\LIBRARIES\LIBRARY\LAYOUT_LIB\SMART.LLB
Fri Nov 21 15:41:29 Loaded file C:\OrCAD\OrCAD_16.0\tools\Layout_Eng_Ed\data\template.imp
Fri Nov 21 15:47:38 Saved as file C:\OrCAD\OrCAD_16.0\tools\Layout_Eng_Ed\data\template.imp
Fri Nov 21 15:49:13 Loaded file E:\LIBRARIES\LIBRARY\LAYOUT_LIB\SMART.LLB
Fri Nov 21 15:49:13 Saved as file E:\LIBRARIES\LIBRARY\LAYOUT_LIB\SMART.LLB
Fri Nov 21 15:49:13 Loaded file E:\LIBRARIES\LIBRARY\LAYOUT_LIB\SMART.LLB
Fri Nov 21 15:49:14 Loaded file E:\LIBRARIES\LIBRARY\LAYOUT_LIB\SMART.LLB
Fri Nov 21 15:49:14 Saved as file E:\LIBRARIES\LIBRARY\LAYOUT_LIB\SMART.LLB
Fri Nov 21 15:49:14 Loaded file E:\LIBRARIES\LIBRARY\LAYOUT_LIB\SMART.LLB
Fri Nov 21 15:49:14 Loaded file E:\LIBRARIES\LIBRARY\LAYOUT_LIB\SMART.LLB
Fri Nov 21 15:49:14 Saved as file E:\LIBRARIES\LIBRARY\LAYOUT_LIB\SMART.LLB
Fri Nov 21 15:49:14 Loaded file E:\LIBRARIES\LIBRARY\LAYOUT_LIB\SMART.LLB
Fri Nov 21 15:50:37 Saved as file BACKUP1.MAX
Fri Nov 21 15:53:22 Saved as file ~undo.max
Fri Nov 21 15:53:34 Saved as file ~undo.max
Fri Nov 21 15:53:35 Saved as file ~undo.max
Fri Nov 21 15:53:36 Saved as file ~undo.max
Fri Nov 21 15:53:39 Saved as file ~undo.max
Fri Nov 21 15:54:06 Saved as file ~undo.max
Fri Nov 21 15:54:57 Saved as file ~undo.max
Fri Nov 21 15:55:04 Saved as file ~undo.max
Fri Nov 21 15:55:13 Saved as file ~undo.max
Fri Nov 21 15:55:19 Saved as file ~undo.max
Fri Nov 21 15:55:25 Saved as file ~undo.max
Fri Nov 21 15:56:42 Saved as file F:\ROHITH\ORCAD SCHEMATICS\SCHEMATIC-1.MAX
Fri Nov 21 15:56:42 Saved as file F:\ROHITH\ORCAD SCHEMATICS\SCHEMATIC-1.MAX
Fri Nov 21 15:59:10 Saved as file F:\ROHITH\ORCAD SCHEMATICS\SCHEMATIC-1.MAX
Fri Nov 21 16:00:24 Saved as file ~undo.max
Fri Nov 21 16:01:39 Saved as file ~undo.max
Fri Nov 21 16:01:57 Saved as file F:\ROHITH\ORCAD SCHEMATICS\SCHEMATIC-1.MAX
Fri Nov 21 16:02:23 Saved as file F:\ROHITH\ORCAD SCHEMATICS\SCHEMATIC-1.MAX
Fri Nov 21 16:02:23 Saved as file F:\ROHITH\ORCAD SCHEMATICS\SCHEMATIC-1.MAX
Fri Nov 21 16:03:08 Saved as file BACKUP1.MAX
Fri Nov 21 16:05:21 Saved as file F:\ROHITH\ORCAD SCHEMATICS\SCHEMATIC-1.MAX
Fri Nov 21 16:05:21 Saved as file F:\ROHITH\ORCAD SCHEMATICS\SCHEMATIC-1.MAX
Fri Nov 21 16:05:22 Saved as file F:\ROHITH\ORCAD SCHEMATICS\SCHEMATIC-1.MAX
Fri Nov 21 16:07:23 Saved as file ~undo.max
Fri Nov 21 16:07:38 Saved as file ~undo.max
Fri Nov 21 16:07:44 Saved as file ~undo.max
Fri Nov 21 16:08:10 Saved as file ~undo.max
Fri Nov 21 16:08:37 Saved as file ~undo.max
Fri Nov 21 16:10:02 Saved as file ~undo.max
Fri Nov 21 16:10:36 Saved as file F:\ROHITH\ORCAD SCHEMATICS\SCHEMATIC-1.MAX
Fri Nov 21 16:10:36 Saved as file F:\ROHITH\ORCAD SCHEMATICS\SCHEMATIC-1.MAX
Fri Nov 21 16:10:37 Saved as file F:\ROHITH\ORCAD SCHEMATICS\SCHEMATIC-1.MAX
Fri Nov 21 16:11:26 Saved as file F:\ROHITH\ORCAD SCHEMATICS\SCHEMATIC-1.MAX
Fri Nov 21 16:11:41 Saved as file F:\ROHITH\ORCAD SCHEMATICS\SCHEMATIC-1.MAX
Fri Nov 21 16:11:42 Saved as file F:\ROHITH\ORCAD SCHEMATICS\SCHEMATIC-1.MAX
Fri Nov 21 16:11:42 Saved as file F:\ROHITH\ORCAD SCHEMATICS\SCHEMATIC-1.MAX
Fri Nov 21 16:11:51 Saved as file F:\ROHITH\ORCAD SCHEMATICS\SCHEMATIC-1.MAX
Sat Nov 22 10:40:41 Saved as file F:\ROHITH\ORCAD SCHEMATICS\SCHEMATIC-1.MAX
Sat Nov 22 10:40:46 Saved as file F:\ROHITH\ORCAD SCHEMATICS\SCHEMATIC-1.MAX
Sat Nov 22 10:41:19 Saved as file F:\ROHITH\ORCAD SCHEMATICS\SCHEMATIC-1.MAX
Sat Nov 22 10:44:46 Saved as file BACKUP1.MAX
Sat Nov 22 10:54:46 Saved as file BACKUP1.MAX
Sat Nov 22 11:04:46 Saved as file BACKUP1.MAX
Sat Nov 22 11:14:47 Saved as file BACKUP1.MAX
Sat Nov 22 11:21:40 Saved as file ~undo.max
Sat Nov 22 11:22:10 Saved as file ~undo.max
Sat Nov 22 11:22:33 Saved as file ~undo.max
Sat Nov 22 11:22:39 Saved as file F:\ROHITH\ORCAD SCHEMATICS\SCHEMATIC-1.MAX
Sat Nov 22 11:25:17 Saved as file BACKUP1.MAX
Sat Nov 22 11:35:17 Saved as file BACKUP1.MAX
Sat Nov 22 11:45:18 Saved as file BACKUP1.MAX
Sat Nov 22 11:50:51 Saved as file F:\ROHITH\ORCAD SCHEMATICS\SCHEMATIC-1.MAX
