Post Processor Report
OrCAD FILE: F:\ROHITH\ORCAD SCHEMATICS\GERBER\LAYOUT.MAX
Sat Nov 22 13:34:27 2014

*********************************************************

Output file: F:\ROHITH\ORCAD SCHEMATICS\GERBER\LAYOUT.BOT

Aperture totals for F:\ROHITH\ORCAD SCHEMATICS\GERBER\LAYOUT.BOT:
---------------------------------------------------------
D10:  0.0700 x 0.0500 RECTANGLE -----       2 Flashes
D11:  0.0394 x 0.0512 RECTANGLE -----       8 Flashes
D12:  0.0748 ROUND  --       0 Draws,      11 Flashes
D13:  0.0689 ROUND  --       0 Draws,      17 Flashes
D14:  0.0689 SQUARE --       0 Draws,       1 Flashes
D15:  0.0500 x 0.0700 RECTANGLE -----       8 Flashes
D16:  0.0394 ROUND  --       0 Draws,       3 Flashes
D17:  0.1378 ROUND  --       0 Draws,       2 Flashes
D18:  0.0354 x 0.0472 OBLONG    -----       4 Flashes
D19:  0.0590 x 0.0315 RECTANGLE -----      16 Flashes
D20:  0.0315 x 0.0590 RECTANGLE -----       6 Flashes
D21:  0.2756 x 0.1575 RECTANGLE -----       1 Flashes
D22:  0.0394 x 0.1378 RECTANGLE -----       3 Flashes
D23:  0.0079 ROUND  --    1637 Draws,       0 Flashes
D24:  0.0100 ROUND  --      25 Draws,       0 Flashes
D25:  0.0118 ROUND  --       8 Draws,       0 Flashes
D26:  0.0197 ROUND  --     179 Draws,       0 Flashes
D27:  0.0138 ROUND  --      36 Draws,       0 Flashes
---------------------------------------------------------
 18 D-Codes      -----    1885 Draws,      82 Flashes

*********************************************************

Output file: F:\ROHITH\ORCAD SCHEMATICS\GERBER\LAYOUT.SMB

Aperture totals for F:\ROHITH\ORCAD SCHEMATICS\GERBER\LAYOUT.SMB:
---------------------------------------------------------
D25:  0.0118 ROUND  --       8 Draws,       0 Flashes
D28:  0.0748 x 0.0551 RECTANGLE -----       2 Flashes
D29:  0.0472 x 0.0590 RECTANGLE -----       8 Flashes
D30:  0.0827 ROUND  --       0 Draws,      11 Flashes
D31:  0.0768 ROUND  --       0 Draws,      17 Flashes
D32:  0.0768 SQUARE --       0 Draws,       1 Flashes
D33:  0.0551 x 0.0748 RECTANGLE -----       8 Flashes
D34:  0.0472 ROUND  --       0 Draws,       3 Flashes
D35:  0.1181 ROUND  --       0 Draws,       2 Flashes
D36:  0.0433 x 0.0551 OBLONG    -----       4 Flashes
D37:  0.0669 x 0.0394 RECTANGLE -----      16 Flashes
D38:  0.0394 x 0.0669 RECTANGLE -----       6 Flashes
D39:  0.2835 x 0.1653 RECTANGLE -----       1 Flashes
D40:  0.0472 x 0.1457 RECTANGLE -----       3 Flashes
---------------------------------------------------------
 14 D-Codes      -----       8 Draws,      82 Flashes

*********************************************************

Output file: F:\ROHITH\ORCAD SCHEMATICS\GERBER\LAYOUT.SSB

Aperture totals for F:\ROHITH\ORCAD SCHEMATICS\GERBER\LAYOUT.SSB:
---------------------------------------------------------
D23:  0.0079 ROUND  --     246 Draws,       0 Flashes
D24:  0.0100 ROUND  --      25 Draws,       0 Flashes
D25:  0.0118 ROUND  --       8 Draws,       0 Flashes
---------------------------------------------------------
  3 D-Codes      -----     279 Draws,       0 Flashes

*********************************************************

Output file: F:\ROHITH\ORCAD SCHEMATICS\GERBER\LAYOUT.DRD

Aperture totals for F:\ROHITH\ORCAD SCHEMATICS\GERBER\LAYOUT.DRD:
---------------------------------------------------------
D24:  0.0100 ROUND  --     535 Draws,       0 Flashes
D25:  0.0118 ROUND  --       8 Draws,       0 Flashes
---------------------------------------------------------
  2 D-Codes      -----     543 Draws,       0 Flashes

*********************************************************

Output file: F:\ROHITH\ORCAD SCHEMATICS\GERBER\LAYOUT.FAB

Aperture totals for F:\ROHITH\ORCAD SCHEMATICS\GERBER\LAYOUT.FAB:
---------------------------------------------------------
No data on this layer
---------------------------------------------------------
  0 D-Codes      -----       0 Draws,       0 Flashes


*********************************************************

Aperture totals for entire project:
---------------------------------------------------------
D10:  0.0700 x 0.0500 RECTANGLE -----       2 Flashes
D11:  0.0394 x 0.0512 RECTANGLE -----       8 Flashes
D12:  0.0748 ROUND  --       0 Draws,      11 Flashes
D13:  0.0689 ROUND  --       0 Draws,      17 Flashes
D14:  0.0689 SQUARE --       0 Draws,       1 Flashes
D15:  0.0500 x 0.0700 RECTANGLE -----       8 Flashes
D16:  0.0394 ROUND  --       0 Draws,       3 Flashes
D17:  0.1378 ROUND  --       0 Draws,       2 Flashes
D18:  0.0354 x 0.0472 OBLONG    -----       4 Flashes
D19:  0.0590 x 0.0315 RECTANGLE -----      16 Flashes
D20:  0.0315 x 0.0590 RECTANGLE -----       6 Flashes
D21:  0.2756 x 0.1575 RECTANGLE -----       1 Flashes
D22:  0.0394 x 0.1378 RECTANGLE -----       3 Flashes
D23:  0.0079 ROUND  --    1883 Draws,       0 Flashes
D24:  0.0100 ROUND  --     585 Draws,       0 Flashes
D25:  0.0118 ROUND  --      32 Draws,       0 Flashes
D26:  0.0197 ROUND  --     179 Draws,       0 Flashes
D27:  0.0138 ROUND  --      36 Draws,       0 Flashes
D28:  0.0748 x 0.0551 RECTANGLE -----       2 Flashes
D29:  0.0472 x 0.0590 RECTANGLE -----       8 Flashes
D30:  0.0827 ROUND  --       0 Draws,      11 Flashes
D31:  0.0768 ROUND  --       0 Draws,      17 Flashes
D32:  0.0768 SQUARE --       0 Draws,       1 Flashes
D33:  0.0551 x 0.0748 RECTANGLE -----       8 Flashes
D34:  0.0472 ROUND  --       0 Draws,       3 Flashes
D35:  0.1181 ROUND  --       0 Draws,       2 Flashes
D36:  0.0433 x 0.0551 OBLONG    -----       4 Flashes
D37:  0.0669 x 0.0394 RECTANGLE -----      16 Flashes
D38:  0.0394 x 0.0669 RECTANGLE -----       6 Flashes
D39:  0.2835 x 0.1653 RECTANGLE -----       1 Flashes
D40:  0.0472 x 0.1457 RECTANGLE -----       3 Flashes
---------------------------------------------------------
 31 D-Codes      -----    2715 Draws,     164 Flashes


No warnings or errors.
